{"C:\\Users\\patryk\\Desktop\\Nowy folder (4)\\app.js": {"path":"C:\\Users\\patryk\\Desktop\\Nowy folder (4)\\app.js","statementMap":{"0":{"start":{"line":1,"column":16},"end":{"line":1,"column":34}},"1":{"start":{"line":2,"column":13},"end":{"line":2,"column":28}},"2":{"start":{"line":3,"column":15},"end":{"line":3,"column":32}},"3":{"start":{"line":4,"column":19},"end":{"line":4,"column":43}},"4":{"start":{"line":5,"column":19},"end":{"line":5,"column":44}},"5":{"start":{"line":6,"column":23},"end":{"line":6,"column":52}},"6":{"start":{"line":7,"column":14},"end":{"line":7,"column":30}},"7":{"start":{"line":8,"column":11},"end":{"line":8,"column":24}},"8":{"start":{"line":9,"column":21},"end":{"line":9,"column":45}},"9":{"start":{"line":11,"column":12},"end":{"line":11,"column":21}},"10":{"start":{"line":13,"column":16},"end":{"line":13,"column":53}},"11":{"start":{"line":14,"column":19},"end":{"line":14,"column":42}},"12":{"start":{"line":15,"column":23},"end":{"line":19,"column":1}},"13":{"start":{"line":21,"column":0},"end":{"line":24,"column":1}},"14":{"start":{"line":22,"column":2},"end":{"line":22,"column":47}},"15":{"start":{"line":23,"column":2},"end":{"line":23,"column":47}},"16":{"start":{"line":26,"column":0},"end":{"line":26,"column":18}},"17":{"start":{"line":27,"column":0},"end":{"line":27,"column":24}},"18":{"start":{"line":28,"column":0},"end":{"line":28,"column":24}},"19":{"start":{"line":29,"column":0},"end":{"line":36,"column":2}},"20":{"start":{"line":38,"column":23},"end":{"line":38,"column":43}},"21":{"start":{"line":39,"column":15},"end":{"line":39,"column":32}},"22":{"start":{"line":41,"column":33},"end":{"line":63,"column":2}},"23":{"start":{"line":42,"column":19},"end":{"line":42,"column":29}},"24":{"start":{"line":52,"column":20},"end":{"line":52,"column":45}},"25":{"start":{"line":53,"column":4},"end":{"line":60,"column":5}},"26":{"start":{"line":54,"column":6},"end":{"line":54,"column":57}},"27":{"start":{"line":55,"column":6},"end":{"line":59,"column":9}},"28":{"start":{"line":61,"column":4},"end":{"line":61,"column":21}},"29":{"start":{"line":65,"column":0},"end":{"line":70,"column":3}},"30":{"start":{"line":66,"column":2},"end":{"line":68,"column":3}},"31":{"start":{"line":67,"column":4},"end":{"line":67,"column":18}},"32":{"start":{"line":69,"column":2},"end":{"line":69,"column":39}},"33":{"start":{"line":72,"column":0},"end":{"line":80,"column":3}},"34":{"start":{"line":73,"column":2},"end":{"line":79,"column":3}},"35":{"start":{"line":74,"column":22},"end":{"line":74,"column":37}},"36":{"start":{"line":75,"column":4},"end":{"line":75,"column":28}},"37":{"start":{"line":77,"column":4},"end":{"line":77,"column":79}},"38":{"start":{"line":78,"column":4},"end":{"line":78,"column":91}},"39":{"start":{"line":83,"column":0},"end":{"line":83,"column":30}},"40":{"start":{"line":84,"column":0},"end":{"line":84,"column":30}},"41":{"start":{"line":85,"column":0},"end":{"line":85,"column":38}},"42":{"start":{"line":87,"column":0},"end":{"line":93,"column":3}},"43":{"start":{"line":88,"column":2},"end":{"line":88,"column":57}},"44":{"start":{"line":89,"column":2},"end":{"line":91,"column":3}},"45":{"start":{"line":90,"column":4},"end":{"line":90,"column":72}},"46":{"start":{"line":92,"column":2},"end":{"line":92,"column":84}},"47":{"start":{"line":95,"column":0},"end":{"line":97,"column":3}},"48":{"start":{"line":96,"column":2},"end":{"line":96,"column":100}},"49":{"start":{"line":99,"column":0},"end":{"line":101,"column":3}},"50":{"start":{"line":100,"column":2},"end":{"line":100,"column":40}},"51":{"start":{"line":103,"column":0},"end":{"line":103,"column":21}},"52":{"start":{"line":105,"column":0},"end":{"line":122,"column":1}},"53":{"start":{"line":106,"column":13},"end":{"line":106,"column":37}},"54":{"start":{"line":108,"column":0},"end":{"line":121,"column":1}},"55":{"start":{"line":109,"column":2},"end":{"line":109,"column":75}},"56":{"start":{"line":110,"column":21},"end":{"line":110,"column":66}},"57":{"start":{"line":111,"column":22},"end":{"line":111,"column":67}},"58":{"start":{"line":112,"column":22},"end":{"line":112,"column":60}},"59":{"start":{"line":113,"column":17},"end":{"line":113,"column":53}},"60":{"start":{"line":114,"column":2},"end":{"line":116,"column":5}},"61":{"start":{"line":115,"column":4},"end":{"line":115,"column":61}},"62":{"start":{"line":118,"column":0},"end":{"line":120,"column":3}},"63":{"start":{"line":119,"column":2},"end":{"line":119,"column":60}}},"fnMap":{"0":{"name":"(anonymous_0)","decl":{"start":{"line":42,"column":13},"end":{"line":42,"column":14}},"loc":{"start":{"line":42,"column":19},"end":{"line":42,"column":29}},"line":42},"1":{"name":"(anonymous_1)","decl":{"start":{"line":51,"column":24},"end":{"line":51,"column":25}},"loc":{"start":{"line":51,"column":33},"end":{"line":62,"column":3}},"line":51},"2":{"name":"(anonymous_2)","decl":{"start":{"line":65,"column":8},"end":{"line":65,"column":9}},"loc":{"start":{"line":65,"column":28},"end":{"line":70,"column":1}},"line":65},"3":{"name":"(anonymous_3)","decl":{"start":{"line":72,"column":23},"end":{"line":72,"column":24}},"loc":{"start":{"line":72,"column":37},"end":{"line":80,"column":1}},"line":72},"4":{"name":"(anonymous_4)","decl":{"start":{"line":87,"column":8},"end":{"line":87,"column":9}},"loc":{"start":{"line":87,"column":33},"end":{"line":93,"column":1}},"line":87},"5":{"name":"(anonymous_5)","decl":{"start":{"line":95,"column":8},"end":{"line":95,"column":9}},"loc":{"start":{"line":95,"column":33},"end":{"line":97,"column":1}},"line":95},"6":{"name":"(anonymous_6)","decl":{"start":{"line":99,"column":8},"end":{"line":99,"column":9}},"loc":{"start":{"line":99,"column":28},"end":{"line":101,"column":1}},"line":99},"7":{"name":"(anonymous_7)","decl":{"start":{"line":114,"column":33},"end":{"line":114,"column":34}},"loc":{"start":{"line":114,"column":39},"end":{"line":116,"column":3}},"line":114},"8":{"name":"(anonymous_8)","decl":{"start":{"line":118,"column":17},"end":{"line":118,"column":18}},"loc":{"start":{"line":118,"column":23},"end":{"line":120,"column":1}},"line":118}},"branchMap":{"0":{"loc":{"start":{"line":13,"column":16},"end":{"line":13,"column":53}},"type":"binary-expr","locations":[{"start":{"line":13,"column":16},"end":{"line":13,"column":36}},{"start":{"line":13,"column":40},"end":{"line":13,"column":53}}],"line":13},"1":{"loc":{"start":{"line":21,"column":0},"end":{"line":24,"column":1}},"type":"if","locations":[{"start":{"line":21,"column":0},"end":{"line":24,"column":1}},{"start":{},"end":{}}],"line":21},"2":{"loc":{"start":{"line":53,"column":4},"end":{"line":60,"column":5}},"type":"if","locations":[{"start":{"line":53,"column":4},"end":{"line":60,"column":5}},{"start":{},"end":{}}],"line":53},"3":{"loc":{"start":{"line":66,"column":2},"end":{"line":68,"column":3}},"type":"if","locations":[{"start":{"line":66,"column":2},"end":{"line":68,"column":3}},{"start":{},"end":{}}],"line":66},"4":{"loc":{"start":{"line":66,"column":7},"end":{"line":66,"column":53}},"type":"binary-expr","locations":[{"start":{"line":66,"column":7},"end":{"line":66,"column":28}},{"start":{"line":66,"column":32},"end":{"line":66,"column":53}}],"line":66},"5":{"loc":{"start":{"line":89,"column":2},"end":{"line":91,"column":3}},"type":"if","locations":[{"start":{"line":89,"column":2},"end":{"line":91,"column":3}},{"start":{},"end":{}}],"line":89},"6":{"loc":{"start":{"line":92,"column":13},"end":{"line":92,"column":34}},"type":"binary-expr","locations":[{"start":{"line":92,"column":13},"end":{"line":92,"column":27}},{"start":{"line":92,"column":31},"end":{"line":92,"column":34}}],"line":92},"7":{"loc":{"start":{"line":92,"column":51},"end":{"line":92,"column":80}},"type":"binary-expr","locations":[{"start":{"line":92,"column":51},"end":{"line":92,"column":62}},{"start":{"line":92,"column":66},"end":{"line":92,"column":80}}],"line":92},"8":{"loc":{"start":{"line":96,"column":20},"end":{"line":96,"column":41}},"type":"binary-expr","locations":[{"start":{"line":96,"column":20},"end":{"line":96,"column":34}},{"start":{"line":96,"column":38},"end":{"line":96,"column":41}}],"line":96},"9":{"loc":{"start":{"line":96,"column":58},"end":{"line":96,"column":96}},"type":"binary-expr","locations":[{"start":{"line":96,"column":58},"end":{"line":96,"column":69}},{"start":{"line":96,"column":73},"end":{"line":96,"column":96}}],"line":96},"10":{"loc":{"start":{"line":105,"column":0},"end":{"line":122,"column":1}},"type":"if","locations":[{"start":{"line":105,"column":0},"end":{"line":122,"column":1}},{"start":{},"end":{}}],"line":105},"11":{"loc":{"start":{"line":106,"column":13},"end":{"line":106,"column":37}},"type":"binary-expr","locations":[{"start":{"line":106,"column":13},"end":{"line":106,"column":29}},{"start":{"line":106,"column":33},"end":{"line":106,"column":37}}],"line":106},"12":{"loc":{"start":{"line":108,"column":0},"end":{"line":121,"column":1}},"type":"if","locations":[{"start":{"line":108,"column":0},"end":{"line":121,"column":1}},{"start":{"line":117,"column":7},"end":{"line":121,"column":1}}],"line":108}},"s":{"0":1,"1":1,"2":1,"3":1,"4":1,"5":1,"6":1,"7":1,"8":1,"9":1,"10":1,"11":1,"12":1,"13":1,"14":1,"15":1,"16":1,"17":1,"18":1,"19":1,"20":1,"21":1,"22":1,"23":0,"24":0,"25":0,"26":0,"27":0,"28":0,"29":1,"30":7,"31":1,"32":6,"33":1,"34":3,"35":3,"36":3,"37":0,"38":0,"39":1,"40":1,"41":1,"42":1,"43":0,"44":0,"45":0,"46":0,"47":1,"48":0,"49":1,"50":2,"51":1,"52":1,"53":0,"54":0,"55":0,"56":0,"57":0,"58":0,"59":0,"60":0,"61":0,"62":0,"63":0},"f":{"0":0,"1":0,"2":7,"3":3,"4":0,"5":0,"6":2,"7":0,"8":0},"b":{"0":[1,0],"1":[1,0],"2":[0,0],"3":[1,6],"4":[7,1],"5":[0,0],"6":[0,0],"7":[0,0],"8":[0,0],"9":[0,0],"10":[0,1],"11":[0,0],"12":[0,0]},"_coverageSchema":"1a1c01bbd47fc00a2c39e90264f33305004495a9","hash":"0414d1d376413bfebf1608d9d354f269458aa126"}
,"C:\\Users\\patryk\\Desktop\\Nowy folder (4)\\config\\db\\drizzleDB.js": {"path":"C:\\Users\\patryk\\Desktop\\Nowy folder (4)\\config\\db\\drizzleDB.js","statementMap":{"0":{"start":{"line":1,"column":20},"end":{"line":1,"column":56}},"1":{"start":{"line":2,"column":13},"end":{"line":2,"column":33}},"2":{"start":{"line":3,"column":0},"end":{"line":3,"column":74}},"3":{"start":{"line":4,"column":59},"end":{"line":4,"column":78}},"4":{"start":{"line":8,"column":11},"end":{"line":12,"column":2}},"5":{"start":{"line":13,"column":0},"end":{"line":13,"column":20}}},"fnMap":{},"branchMap":{},"s":{"0":5,"1":5,"2":5,"3":5,"4":5,"5":5},"f":{},"b":{},"_coverageSchema":"1a1c01bbd47fc00a2c39e90264f33305004495a9","hash":"b02dda6948cbf057eff6591f350d96b34e8a5bdb"}
,"C:\\Users\\patryk\\Desktop\\Nowy folder (4)\\config\\db\\schema.js": {"path":"C:\\Users\\patryk\\Desktop\\Nowy folder (4)\\config\\db\\schema.js","statementMap":{"0":{"start":{"line":2,"column":0},"end":{"line":2,"column":62}},"1":{"start":{"line":3,"column":0},"end":{"line":7,"column":11}},"2":{"start":{"line":8,"column":11},"end":{"line":8,"column":41}},"3":{"start":{"line":9,"column":0},"end":{"line":19,"column":2}},"4":{"start":{"line":18,"column":13},"end":{"line":18,"column":64}},"5":{"start":{"line":20,"column":0},"end":{"line":36,"column":2}},"6":{"start":{"line":29,"column":13},"end":{"line":35,"column":3}},"7":{"start":{"line":37,"column":0},"end":{"line":63,"column":2}},"8":{"start":{"line":56,"column":13},"end":{"line":62,"column":3}},"9":{"start":{"line":64,"column":0},"end":{"line":83,"column":2}},"10":{"start":{"line":72,"column":13},"end":{"line":82,"column":3}},"11":{"start":{"line":85,"column":0},"end":{"line":103,"column":2}},"12":{"start":{"line":96,"column":13},"end":{"line":102,"column":3}},"13":{"start":{"line":105,"column":0},"end":{"line":123,"column":2}},"14":{"start":{"line":116,"column":13},"end":{"line":122,"column":3}}},"fnMap":{"0":{"name":"(anonymous_0)","decl":{"start":{"line":18,"column":2},"end":{"line":18,"column":3}},"loc":{"start":{"line":18,"column":13},"end":{"line":18,"column":64}},"line":18},"1":{"name":"(anonymous_1)","decl":{"start":{"line":29,"column":2},"end":{"line":29,"column":3}},"loc":{"start":{"line":29,"column":13},"end":{"line":35,"column":3}},"line":29},"2":{"name":"(anonymous_2)","decl":{"start":{"line":56,"column":2},"end":{"line":56,"column":3}},"loc":{"start":{"line":56,"column":13},"end":{"line":62,"column":3}},"line":56},"3":{"name":"(anonymous_3)","decl":{"start":{"line":72,"column":2},"end":{"line":72,"column":3}},"loc":{"start":{"line":72,"column":13},"end":{"line":82,"column":3}},"line":72},"4":{"name":"(anonymous_4)","decl":{"start":{"line":96,"column":2},"end":{"line":96,"column":3}},"loc":{"start":{"line":96,"column":13},"end":{"line":102,"column":3}},"line":96},"5":{"name":"(anonymous_5)","decl":{"start":{"line":116,"column":2},"end":{"line":116,"column":3}},"loc":{"start":{"line":116,"column":13},"end":{"line":122,"column":3}},"line":116}},"branchMap":{},"s":{"0":9,"1":9,"2":9,"3":9,"4":5,"5":9,"6":5,"7":9,"8":5,"9":9,"10":5,"11":9,"12":0,"13":9,"14":0},"f":{"0":5,"1":5,"2":5,"3":5,"4":0,"5":0},"b":{},"_coverageSchema":"1a1c01bbd47fc00a2c39e90264f33305004495a9","hash":"28e09d91a14bdfc3f6118c98897e3b5f70143eb3"}
,"C:\\Users\\patryk\\Desktop\\Nowy folder (4)\\config\\db\\queries\\loginEntry.js": {"path":"C:\\Users\\patryk\\Desktop\\Nowy folder (4)\\config\\db\\queries\\loginEntry.js","statementMap":{"0":{"start":{"line":1,"column":11},"end":{"line":1,"column":34}},"1":{"start":{"line":2,"column":25},"end":{"line":2,"column":45}},"2":{"start":{"line":3,"column":15},"end":{"line":3,"column":37}},"3":{"start":{"line":6,"column":17},"end":{"line":9,"column":43}},"4":{"start":{"line":10,"column":2},"end":{"line":10,"column":16}},"5":{"start":{"line":13,"column":20},"end":{"line":13,"column":44}},"6":{"start":{"line":14,"column":17},"end":{"line":17,"column":16}},"7":{"start":{"line":18,"column":2},"end":{"line":18,"column":16}},"8":{"start":{"line":21,"column":0},"end":{"line":24,"column":2}}},"fnMap":{"0":{"name":"getLoginEntriesByUserId","decl":{"start":{"line":5,"column":15},"end":{"line":5,"column":38}},"loc":{"start":{"line":5,"column":47},"end":{"line":11,"column":1}},"line":5},"1":{"name":"createLoginEntry","decl":{"start":{"line":12,"column":15},"end":{"line":12,"column":31}},"loc":{"start":{"line":12,"column":57},"end":{"line":19,"column":1}},"line":12}},"branchMap":{},"s":{"0":2,"1":2,"2":2,"3":3,"4":3,"5":1,"6":1,"7":1,"8":2},"f":{"0":3,"1":1},"b":{},"_coverageSchema":"1a1c01bbd47fc00a2c39e90264f33305004495a9","hash":"856e4b94b15a32fdb98772e1ca32670a1703c5e5"}
,"C:\\Users\\patryk\\Desktop\\Nowy folder (4)\\config\\db\\queries\\password.js": {"path":"C:\\Users\\patryk\\Desktop\\Nowy folder (4)\\config\\db\\queries\\password.js","statementMap":{"0":{"start":{"line":1,"column":11},"end":{"line":1,"column":34}},"1":{"start":{"line":2,"column":22},"end":{"line":2,"column":42}},"2":{"start":{"line":3,"column":20},"end":{"line":3,"column":42}},"3":{"start":{"line":6,"column":17},"end":{"line":9,"column":40}},"4":{"start":{"line":10,"column":2},"end":{"line":10,"column":16}},"5":{"start":{"line":14,"column":13},"end":{"line":14,"column":32}},"6":{"start":{"line":15,"column":2},"end":{"line":17,"column":51}},"7":{"start":{"line":18,"column":2},"end":{"line":18,"column":12}},"8":{"start":{"line":21,"column":17},"end":{"line":30,"column":5}},"9":{"start":{"line":31,"column":2},"end":{"line":31,"column":16}},"10":{"start":{"line":35,"column":17},"end":{"line":44,"column":16}},"11":{"start":{"line":45,"column":2},"end":{"line":45,"column":16}},"12":{"start":{"line":48,"column":0},"end":{"line":53,"column":2}}},"fnMap":{"0":{"name":"getPasswordByUserId","decl":{"start":{"line":5,"column":15},"end":{"line":5,"column":34}},"loc":{"start":{"line":5,"column":43},"end":{"line":11,"column":1}},"line":5},"1":{"name":"createPassword","decl":{"start":{"line":13,"column":15},"end":{"line":13,"column":29}},"loc":{"start":{"line":13,"column":65},"end":{"line":19,"column":1}},"line":13},"2":{"name":"getPasswordByUserPlatformLogin","decl":{"start":{"line":20,"column":15},"end":{"line":20,"column":45}},"loc":{"start":{"line":20,"column":71},"end":{"line":32,"column":1}},"line":20},"3":{"name":"deletePassword","decl":{"start":{"line":34,"column":15},"end":{"line":34,"column":29}},"loc":{"start":{"line":34,"column":55},"end":{"line":46,"column":1}},"line":34}},"branchMap":{},"s":{"0":1,"1":1,"2":1,"3":1,"4":1,"5":1,"6":1,"7":1,"8":0,"9":0,"10":1,"11":1,"12":1},"f":{"0":1,"1":1,"2":0,"3":1},"b":{},"_coverageSchema":"1a1c01bbd47fc00a2c39e90264f33305004495a9","hash":"bb7dd14d7b2ca18590e8b1348f9edf11813fa321"}
,"C:\\Users\\patryk\\Desktop\\Nowy folder (4)\\config\\db\\queries\\trustedDevice.js": {"path":"C:\\Users\\patryk\\Desktop\\Nowy folder (4)\\config\\db\\queries\\trustedDevice.js","statementMap":{"0":{"start":{"line":1,"column":11},"end":{"line":1,"column":34}},"1":{"start":{"line":2,"column":27},"end":{"line":2,"column":47}},"2":{"start":{"line":3,"column":20},"end":{"line":3,"column":42}},"3":{"start":{"line":6,"column":17},"end":{"line":9,"column":45}},"4":{"start":{"line":10,"column":2},"end":{"line":10,"column":16}},"5":{"start":{"line":13,"column":25},"end":{"line":21,"column":5}},"6":{"start":{"line":22,"column":2},"end":{"line":36,"column":3}},"7":{"start":{"line":23,"column":4},"end":{"line":31,"column":8}},"8":{"start":{"line":33,"column":4},"end":{"line":35,"column":58}},"9":{"start":{"line":40,"column":17},"end":{"line":48,"column":16}},"10":{"start":{"line":49,"column":2},"end":{"line":49,"column":16}},"11":{"start":{"line":52,"column":0},"end":{"line":56,"column":2}}},"fnMap":{"0":{"name":"getTrustedDevicesByUserId","decl":{"start":{"line":5,"column":15},"end":{"line":5,"column":40}},"loc":{"start":{"line":5,"column":49},"end":{"line":11,"column":1}},"line":5},"1":{"name":"upsertTrustedDevice","decl":{"start":{"line":12,"column":15},"end":{"line":12,"column":34}},"loc":{"start":{"line":12,"column":79},"end":{"line":37,"column":1}},"line":12},"2":{"name":"deleteTrustedDevice","decl":{"start":{"line":39,"column":15},"end":{"line":39,"column":34}},"loc":{"start":{"line":39,"column":57},"end":{"line":50,"column":1}},"line":39}},"branchMap":{"0":{"loc":{"start":{"line":22,"column":2},"end":{"line":36,"column":3}},"type":"if","locations":[{"start":{"line":22,"column":2},"end":{"line":36,"column":3}},{"start":{"line":32,"column":9},"end":{"line":36,"column":3}}],"line":22}},"s":{"0":2,"1":2,"2":2,"3":2,"4":2,"5":2,"6":2,"7":1,"8":1,"9":0,"10":0,"11":2},"f":{"0":2,"1":2,"2":0},"b":{"0":[1,1]},"_coverageSchema":"1a1c01bbd47fc00a2c39e90264f33305004495a9","hash":"1bf5b878b37a228248ecd7e983143ab2869f4ea3"}
,"C:\\Users\\patryk\\Desktop\\Nowy folder (4)\\config\\db\\queries\\users.js": {"path":"C:\\Users\\patryk\\Desktop\\Nowy folder (4)\\config\\db\\queries\\users.js","statementMap":{"0":{"start":{"line":1,"column":11},"end":{"line":1,"column":34}},"1":{"start":{"line":2,"column":15},"end":{"line":2,"column":37}},"2":{"start":{"line":3,"column":53},"end":{"line":3,"column":73}},"3":{"start":{"line":4,"column":25},"end":{"line":4,"column":47}},"4":{"start":{"line":7,"column":17},"end":{"line":11,"column":13}},"5":{"start":{"line":12,"column":2},"end":{"line":12,"column":16}},"6":{"start":{"line":16,"column":24},"end":{"line":16,"column":61}},"7":{"start":{"line":19,"column":27},"end":{"line":28,"column":5}},"8":{"start":{"line":31,"column":2},"end":{"line":40,"column":3}},"9":{"start":{"line":32,"column":30},"end":{"line":34,"column":8}},"10":{"start":{"line":33,"column":6},"end":{"line":33,"column":51}},"11":{"start":{"line":36,"column":23},"end":{"line":36,"column":97}},"12":{"start":{"line":37,"column":4},"end":{"line":39,"column":5}},"13":{"start":{"line":38,"column":6},"end":{"line":38,"column":59}},"14":{"start":{"line":42,"column":2},"end":{"line":42,"column":28}},"15":{"start":{"line":46,"column":13},"end":{"line":46,"column":32}},"16":{"start":{"line":47,"column":2},"end":{"line":52,"column":5}},"17":{"start":{"line":56,"column":13},"end":{"line":56,"column":32}},"18":{"start":{"line":57,"column":25},"end":{"line":60,"column":18}},"19":{"start":{"line":61,"column":2},"end":{"line":63,"column":74}},"20":{"start":{"line":64,"column":2},"end":{"line":64,"column":12}},"21":{"start":{"line":67,"column":15},"end":{"line":71,"column":13}},"22":{"start":{"line":72,"column":2},"end":{"line":72,"column":14}},"23":{"start":{"line":75,"column":17},"end":{"line":79,"column":13}},"24":{"start":{"line":81,"column":2},"end":{"line":83,"column":3}},"25":{"start":{"line":82,"column":4},"end":{"line":82,"column":16}},"26":{"start":{"line":84,"column":21},"end":{"line":84,"column":48}},"27":{"start":{"line":85,"column":2},"end":{"line":88,"column":3}},"28":{"start":{"line":86,"column":4},"end":{"line":86,"column":45}},"29":{"start":{"line":87,"column":4},"end":{"line":87,"column":78}},"30":{"start":{"line":89,"column":25},"end":{"line":92,"column":18}},"31":{"start":{"line":94,"column":2},"end":{"line":97,"column":3}},"32":{"start":{"line":95,"column":4},"end":{"line":95,"column":45}},"33":{"start":{"line":96,"column":4},"end":{"line":96,"column":16}},"34":{"start":{"line":99,"column":2},"end":{"line":99,"column":42}},"35":{"start":{"line":100,"column":2},"end":{"line":100,"column":16}},"36":{"start":{"line":103,"column":18},"end":{"line":103,"column":20}},"37":{"start":{"line":104,"column":2},"end":{"line":104,"column":47}},"38":{"start":{"line":104,"column":17},"end":{"line":104,"column":47}},"39":{"start":{"line":105,"column":2},"end":{"line":105,"column":44}},"40":{"start":{"line":105,"column":16},"end":{"line":105,"column":44}},"41":{"start":{"line":106,"column":2},"end":{"line":106,"column":35}},"42":{"start":{"line":106,"column":13},"end":{"line":106,"column":35}},"43":{"start":{"line":107,"column":2},"end":{"line":111,"column":21}},"44":{"start":{"line":108,"column":4},"end":{"line":111,"column":21}},"45":{"start":{"line":112,"column":2},"end":{"line":112,"column":62}},"46":{"start":{"line":116,"column":13},"end":{"line":116,"column":32}},"47":{"start":{"line":117,"column":20},"end":{"line":117,"column":58}},"48":{"start":{"line":119,"column":2},"end":{"line":119,"column":85}},"49":{"start":{"line":120,"column":2},"end":{"line":125,"column":5}},"50":{"start":{"line":127,"column":2},"end":{"line":127,"column":54}},"51":{"start":{"line":131,"column":22},"end":{"line":131,"column":32}},"52":{"start":{"line":133,"column":24},"end":{"line":142,"column":13}},"53":{"start":{"line":144,"column":2},"end":{"line":146,"column":3}},"54":{"start":{"line":145,"column":4},"end":{"line":145,"column":16}},"55":{"start":{"line":148,"column":17},"end":{"line":152,"column":13}},"56":{"start":{"line":154,"column":2},"end":{"line":154,"column":22}},"57":{"start":{"line":158,"column":25},"end":{"line":161,"column":46}},"58":{"start":{"line":163,"column":2},"end":{"line":163,"column":37}},"59":{"start":{"line":167,"column":0},"end":{"line":178,"column":2}}},"fnMap":{"0":{"name":"getUserById","decl":{"start":{"line":6,"column":15},"end":{"line":6,"column":26}},"loc":{"start":{"line":6,"column":35},"end":{"line":13,"column":1}},"line":6},"1":{"name":"canUserLogin","decl":{"start":{"line":15,"column":15},"end":{"line":15,"column":27}},"loc":{"start":{"line":15,"column":36},"end":{"line":43,"column":1}},"line":15},"2":{"name":"(anonymous_2)","decl":{"start":{"line":32,"column":50},"end":{"line":32,"column":51}},"loc":{"start":{"line":33,"column":6},"end":{"line":33,"column":51}},"line":33},"3":{"name":"recordLoginAttempt","decl":{"start":{"line":45,"column":15},"end":{"line":45,"column":33}},"loc":{"start":{"line":45,"column":51},"end":{"line":53,"column":1}},"line":45},"4":{"name":"createUser","decl":{"start":{"line":55,"column":15},"end":{"line":55,"column":25}},"loc":{"start":{"line":55,"column":68},"end":{"line":65,"column":1}},"line":55},"5":{"name":"getUserByLogin","decl":{"start":{"line":66,"column":15},"end":{"line":66,"column":29}},"loc":{"start":{"line":66,"column":37},"end":{"line":73,"column":1}},"line":66},"6":{"name":"getUserByLoginAndPassword","decl":{"start":{"line":74,"column":15},"end":{"line":74,"column":40}},"loc":{"start":{"line":74,"column":58},"end":{"line":101,"column":1}},"line":74},"7":{"name":"updateUser","decl":{"start":{"line":102,"column":15},"end":{"line":102,"column":25}},"loc":{"start":{"line":102,"column":72},"end":{"line":113,"column":1}},"line":102},"8":{"name":"saveResetToken","decl":{"start":{"line":115,"column":15},"end":{"line":115,"column":29}},"loc":{"start":{"line":115,"column":50},"end":{"line":128,"column":1}},"line":115},"9":{"name":"verifyResetToken","decl":{"start":{"line":130,"column":15},"end":{"line":130,"column":31}},"loc":{"start":{"line":130,"column":44},"end":{"line":155,"column":1}},"line":130},"10":{"name":"deleteResetToken","decl":{"start":{"line":157,"column":15},"end":{"line":157,"column":31}},"loc":{"start":{"line":157,"column":44},"end":{"line":164,"column":1}},"line":157}},"branchMap":{"0":{"loc":{"start":{"line":31,"column":2},"end":{"line":40,"column":3}},"type":"if","locations":[{"start":{"line":31,"column":2},"end":{"line":40,"column":3}},{"start":{},"end":{}}],"line":31},"1":{"loc":{"start":{"line":37,"column":4},"end":{"line":39,"column":5}},"type":"if","locations":[{"start":{"line":37,"column":4},"end":{"line":39,"column":5}},{"start":{},"end":{}}],"line":37},"2":{"loc":{"start":{"line":81,"column":2},"end":{"line":83,"column":3}},"type":"if","locations":[{"start":{"line":81,"column":2},"end":{"line":83,"column":3}},{"start":{},"end":{}}],"line":81},"3":{"loc":{"start":{"line":85,"column":2},"end":{"line":88,"column":3}},"type":"if","locations":[{"start":{"line":85,"column":2},"end":{"line":88,"column":3}},{"start":{},"end":{}}],"line":85},"4":{"loc":{"start":{"line":94,"column":2},"end":{"line":97,"column":3}},"type":"if","locations":[{"start":{"line":94,"column":2},"end":{"line":97,"column":3}},{"start":{},"end":{}}],"line":94},"5":{"loc":{"start":{"line":104,"column":2},"end":{"line":104,"column":47}},"type":"if","locations":[{"start":{"line":104,"column":2},"end":{"line":104,"column":47}},{"start":{},"end":{}}],"line":104},"6":{"loc":{"start":{"line":105,"column":2},"end":{"line":105,"column":44}},"type":"if","locations":[{"start":{"line":105,"column":2},"end":{"line":105,"column":44}},{"start":{},"end":{}}],"line":105},"7":{"loc":{"start":{"line":106,"column":2},"end":{"line":106,"column":35}},"type":"if","locations":[{"start":{"line":106,"column":2},"end":{"line":106,"column":35}},{"start":{},"end":{}}],"line":106},"8":{"loc":{"start":{"line":107,"column":2},"end":{"line":111,"column":21}},"type":"if","locations":[{"start":{"line":107,"column":2},"end":{"line":111,"column":21}},{"start":{},"end":{}}],"line":107},"9":{"loc":{"start":{"line":144,"column":2},"end":{"line":146,"column":3}},"type":"if","locations":[{"start":{"line":144,"column":2},"end":{"line":146,"column":3}},{"start":{},"end":{}}],"line":144},"10":{"loc":{"start":{"line":144,"column":6},"end":{"line":144,"column":67}},"type":"binary-expr","locations":[{"start":{"line":144,"column":6},"end":{"line":144,"column":18}},{"start":{"line":144,"column":22},"end":{"line":144,"column":67}}],"line":144},"11":{"loc":{"start":{"line":154,"column":9},"end":{"line":154,"column":21}},"type":"binary-expr","locations":[{"start":{"line":154,"column":9},"end":{"line":154,"column":13}},{"start":{"line":154,"column":17},"end":{"line":154,"column":21}}],"line":154},"12":{"loc":{"start":{"line":163,"column":9},"end":{"line":163,"column":36}},"type":"cond-expr","locations":[{"start":{"line":163,"column":24},"end":{"line":163,"column":28}},{"start":{"line":163,"column":31},"end":{"line":163,"column":36}}],"line":163}},"s":{"0":2,"1":2,"2":2,"3":2,"4":2,"5":2,"6":2,"7":2,"8":2,"9":1,"10":4,"11":1,"12":1,"13":1,"14":1,"15":2,"16":2,"17":1,"18":1,"19":1,"20":1,"21":2,"22":2,"23":1,"24":1,"25":1,"26":0,"27":0,"28":0,"29":0,"30":0,"31":0,"32":0,"33":0,"34":0,"35":0,"36":0,"37":0,"38":0,"39":0,"40":0,"41":0,"42":0,"43":0,"44":0,"45":0,"46":1,"47":1,"48":1,"49":1,"50":1,"51":3,"52":3,"53":3,"54":2,"55":1,"56":1,"57":2,"58":2,"59":2},"f":{"0":2,"1":2,"2":4,"3":2,"4":1,"5":2,"6":1,"7":0,"8":1,"9":3,"10":2},"b":{"0":[1,1],"1":[1,0],"2":[1,0],"3":[0,0],"4":[0,0],"5":[0,0],"6":[0,0],"7":[0,0],"8":[0,0],"9":[2,1],"10":[3,2],"11":[1,0],"12":[1,1]},"_coverageSchema":"1a1c01bbd47fc00a2c39e90264f33305004495a9","hash":"6a6d45e12f3f776f6122c84fc0502983b3134d3a"}
,"C:\\Users\\patryk\\Desktop\\Nowy folder (4)\\middleware\\auth.js": {"path":"C:\\Users\\patryk\\Desktop\\Nowy folder (4)\\middleware\\auth.js","statementMap":{"0":{"start":{"line":1,"column":12},"end":{"line":1,"column":35}},"1":{"start":{"line":2,"column":24},"end":{"line":2,"column":61}},"2":{"start":{"line":4,"column":0},"end":{"line":4,"column":27}},"3":{"start":{"line":6,"column":26},"end":{"line":35,"column":1}},"4":{"start":{"line":7,"column":16},"end":{"line":7,"column":33}},"5":{"start":{"line":8,"column":2},"end":{"line":8,"column":75}},"6":{"start":{"line":8,"column":14},"end":{"line":8,"column":75}},"7":{"start":{"line":9,"column":2},"end":{"line":34,"column":3}},"8":{"start":{"line":10,"column":20},"end":{"line":10,"column":61}},"9":{"start":{"line":11,"column":19},"end":{"line":11,"column":53}},"10":{"start":{"line":13,"column":4},"end":{"line":15,"column":5}},"11":{"start":{"line":14,"column":6},"end":{"line":14,"column":64}},"12":{"start":{"line":17,"column":4},"end":{"line":23,"column":6}},"13":{"start":{"line":25,"column":4},"end":{"line":25,"column":11}},"14":{"start":{"line":27,"column":4},"end":{"line":29,"column":5}},"15":{"start":{"line":28,"column":6},"end":{"line":28,"column":67}},"16":{"start":{"line":30,"column":4},"end":{"line":32,"column":5}},"17":{"start":{"line":31,"column":6},"end":{"line":31,"column":63}},"18":{"start":{"line":33,"column":4},"end":{"line":33,"column":69}},"19":{"start":{"line":37,"column":0},"end":{"line":37,"column":139}}},"fnMap":{"0":{"name":"(anonymous_0)","decl":{"start":{"line":6,"column":26},"end":{"line":6,"column":27}},"loc":{"start":{"line":6,"column":52},"end":{"line":35,"column":1}},"line":6}},"branchMap":{"0":{"loc":{"start":{"line":8,"column":2},"end":{"line":8,"column":75}},"type":"if","locations":[{"start":{"line":8,"column":2},"end":{"line":8,"column":75}},{"start":{},"end":{}}],"line":8},"1":{"loc":{"start":{"line":13,"column":4},"end":{"line":15,"column":5}},"type":"if","locations":[{"start":{"line":13,"column":4},"end":{"line":15,"column":5}},{"start":{},"end":{}}],"line":13},"2":{"loc":{"start":{"line":27,"column":4},"end":{"line":29,"column":5}},"type":"if","locations":[{"start":{"line":27,"column":4},"end":{"line":29,"column":5}},{"start":{},"end":{}}],"line":27},"3":{"loc":{"start":{"line":30,"column":4},"end":{"line":32,"column":5}},"type":"if","locations":[{"start":{"line":30,"column":4},"end":{"line":32,"column":5}},{"start":{},"end":{}}],"line":30}},"s":{"0":3,"1":3,"2":3,"3":3,"4":28,"5":28,"6":2,"7":26,"8":26,"9":22,"10":22,"11":6,"12":16,"13":16,"14":4,"15":1,"16":3,"17":2,"18":1,"19":3},"f":{"0":28},"b":{"0":[2,26],"1":[6,16],"2":[1,3],"3":[2,1]},"_coverageSchema":"1a1c01bbd47fc00a2c39e90264f33305004495a9","hash":"d6283853a5826c1861e0e16bbd4d07b07e09b60d"}
,"C:\\Users\\patryk\\Desktop\\Nowy folder (4)\\routes\\auth.js": {"path":"C:\\Users\\patryk\\Desktop\\Nowy folder (4)\\routes\\auth.js","statementMap":{"0":{"start":{"line":1,"column":16},"end":{"line":1,"column":34}},"1":{"start":{"line":2,"column":15},"end":{"line":2,"column":31}},"2":{"start":{"line":3,"column":12},"end":{"line":3,"column":35}},"3":{"start":{"line":4,"column":21},"end":{"line":4,"column":53}},"4":{"start":{"line":5,"column":20},"end":{"line":5,"column":51}},"5":{"start":{"line":6,"column":38},"end":{"line":6,"column":75}},"6":{"start":{"line":7,"column":49},"end":{"line":7,"column":78}},"7":{"start":{"line":8,"column":28},"end":{"line":8,"column":55}},"8":{"start":{"line":10,"column":0},"end":{"line":50,"column":2}},"9":{"start":{"line":13,"column":40},"end":{"line":13,"column":48}},"10":{"start":{"line":14,"column":4},"end":{"line":16,"column":5}},"11":{"start":{"line":15,"column":6},"end":{"line":15,"column":60}},"12":{"start":{"line":17,"column":4},"end":{"line":19,"column":5}},"13":{"start":{"line":18,"column":6},"end":{"line":18,"column":56}},"14":{"start":{"line":20,"column":4},"end":{"line":22,"column":5}},"15":{"start":{"line":21,"column":6},"end":{"line":21,"column":59}},"16":{"start":{"line":23,"column":19},"end":{"line":23,"column":67}},"17":{"start":{"line":24,"column":4},"end":{"line":26,"column":5}},"18":{"start":{"line":25,"column":6},"end":{"line":25,"column":79}},"19":{"start":{"line":27,"column":4},"end":{"line":27,"column":71}},"20":{"start":{"line":27,"column":15},"end":{"line":27,"column":71}},"21":{"start":{"line":28,"column":19},"end":{"line":28,"column":50}},"22":{"start":{"line":29,"column":4},"end":{"line":29,"column":55}},"23":{"start":{"line":29,"column":17},"end":{"line":29,"column":55}},"24":{"start":{"line":31,"column":18},"end":{"line":33,"column":6}},"25":{"start":{"line":34,"column":4},"end":{"line":39,"column":7}},"26":{"start":{"line":40,"column":4},"end":{"line":48,"column":7}},"27":{"start":{"line":52,"column":0},"end":{"line":52,"column":24}}},"fnMap":{"0":{"name":"(anonymous_0)","decl":{"start":{"line":12,"column":15},"end":{"line":12,"column":16}},"loc":{"start":{"line":12,"column":35},"end":{"line":49,"column":3}},"line":12}},"branchMap":{"0":{"loc":{"start":{"line":14,"column":4},"end":{"line":16,"column":5}},"type":"if","locations":[{"start":{"line":14,"column":4},"end":{"line":16,"column":5}},{"start":{},"end":{}}],"line":14},"1":{"loc":{"start":{"line":14,"column":8},"end":{"line":14,"column":38}},"type":"binary-expr","locations":[{"start":{"line":14,"column":8},"end":{"line":14,"column":14}},{"start":{"line":14,"column":18},"end":{"line":14,"column":27}},{"start":{"line":14,"column":31},"end":{"line":14,"column":38}}],"line":14},"2":{"loc":{"start":{"line":17,"column":4},"end":{"line":19,"column":5}},"type":"if","locations":[{"start":{"line":17,"column":4},"end":{"line":19,"column":5}},{"start":{},"end":{}}],"line":17},"3":{"loc":{"start":{"line":17,"column":8},"end":{"line":17,"column":95}},"type":"binary-expr","locations":[{"start":{"line":17,"column":8},"end":{"line":17,"column":33}},{"start":{"line":17,"column":37},"end":{"line":17,"column":65}},{"start":{"line":17,"column":69},"end":{"line":17,"column":95}}],"line":17},"4":{"loc":{"start":{"line":20,"column":4},"end":{"line":22,"column":5}},"type":"if","locations":[{"start":{"line":20,"column":4},"end":{"line":22,"column":5}},{"start":{},"end":{}}],"line":20},"5":{"loc":{"start":{"line":20,"column":8},"end":{"line":20,"column":77}},"type":"binary-expr","locations":[{"start":{"line":20,"column":8},"end":{"line":20,"column":27}},{"start":{"line":20,"column":31},"end":{"line":20,"column":53}},{"start":{"line":20,"column":57},"end":{"line":20,"column":77}}],"line":20},"6":{"loc":{"start":{"line":24,"column":4},"end":{"line":26,"column":5}},"type":"if","locations":[{"start":{"line":24,"column":4},"end":{"line":26,"column":5}},{"start":{},"end":{}}],"line":24},"7":{"loc":{"start":{"line":27,"column":4},"end":{"line":27,"column":71}},"type":"if","locations":[{"start":{"line":27,"column":4},"end":{"line":27,"column":71}},{"start":{},"end":{}}],"line":27},"8":{"loc":{"start":{"line":29,"column":4},"end":{"line":29,"column":55}},"type":"if","locations":[{"start":{"line":29,"column":4},"end":{"line":29,"column":55}},{"start":{},"end":{}}],"line":29}},"s":{"0":1,"1":1,"2":1,"3":1,"4":1,"5":1,"6":1,"7":1,"8":1,"9":11,"10":11,"11":5,"12":6,"13":0,"14":6,"15":0,"16":6,"17":4,"18":0,"19":4,"20":2,"21":2,"22":2,"23":1,"24":1,"25":1,"26":1,"27":1},"f":{"0":11},"b":{"0":[5,6],"1":[11,9,7],"2":[0,6],"3":[6,6,6],"4":[0,6],"5":[6,6,6],"6":[0,4],"7":[2,2],"8":[1,1]},"_coverageSchema":"1a1c01bbd47fc00a2c39e90264f33305004495a9","hash":"84b64e416aaf0d1b1279cff10de6c7885a5c447e"}
,"C:\\Users\\patryk\\Desktop\\Nowy folder (4)\\routes\\passwords.js": {"path":"C:\\Users\\patryk\\Desktop\\Nowy folder (4)\\routes\\passwords.js","statementMap":{"0":{"start":{"line":1,"column":16},"end":{"line":1,"column":34}},"1":{"start":{"line":2,"column":15},"end":{"line":2,"column":31}},"2":{"start":{"line":3,"column":30},"end":{"line":3,"column":59}},"3":{"start":{"line":4,"column":21},"end":{"line":4,"column":53}},"4":{"start":{"line":5,"column":20},"end":{"line":5,"column":51}},"5":{"start":{"line":11,"column":4},"end":{"line":11,"column":44}},"6":{"start":{"line":17,"column":4},"end":{"line":17,"column":35}},"7":{"start":{"line":18,"column":35},"end":{"line":18,"column":63}},"8":{"start":{"line":19,"column":20},"end":{"line":19,"column":47}},"9":{"start":{"line":21,"column":33},"end":{"line":38,"column":1}},"10":{"start":{"line":40,"column":0},"end":{"line":51,"column":2}},"11":{"start":{"line":44,"column":22},"end":{"line":44,"column":60}},"12":{"start":{"line":45,"column":17},"end":{"line":48,"column":8}},"13":{"start":{"line":45,"column":63},"end":{"line":48,"column":5}},"14":{"start":{"line":49,"column":5},"end":{"line":49,"column":20}},"15":{"start":{"line":53,"column":0},"end":{"line":62,"column":2}},"16":{"start":{"line":57,"column":24},"end":{"line":57,"column":34}},"17":{"start":{"line":58,"column":4},"end":{"line":59,"column":59}},"18":{"start":{"line":59,"column":6},"end":{"line":59,"column":59}},"19":{"start":{"line":60,"column":4},"end":{"line":60,"column":37}},"20":{"start":{"line":64,"column":0},"end":{"line":97,"column":2}},"21":{"start":{"line":69,"column":32},"end":{"line":69,"column":42}},"22":{"start":{"line":70,"column":48},"end":{"line":70,"column":56}},"23":{"start":{"line":71,"column":4},"end":{"line":71,"column":88}},"24":{"start":{"line":71,"column":42},"end":{"line":71,"column":88}},"25":{"start":{"line":72,"column":4},"end":{"line":72,"column":72}},"26":{"start":{"line":72,"column":32},"end":{"line":72,"column":72}},"27":{"start":{"line":73,"column":19},"end":{"line":73,"column":40}},"28":{"start":{"line":74,"column":4},"end":{"line":79,"column":5}},"29":{"start":{"line":75,"column":6},"end":{"line":78,"column":8}},"30":{"start":{"line":76,"column":36},"end":{"line":76,"column":43}},"31":{"start":{"line":80,"column":31},"end":{"line":84,"column":5}},"32":{"start":{"line":85,"column":4},"end":{"line":87,"column":5}},"33":{"start":{"line":86,"column":6},"end":{"line":86,"column":68}},"34":{"start":{"line":88,"column":15},"end":{"line":93,"column":6}},"35":{"start":{"line":94,"column":21},"end":{"line":94,"column":67}},"36":{"start":{"line":95,"column":4},"end":{"line":95,"column":74}},"37":{"start":{"line":98,"column":0},"end":{"line":136,"column":2}},"38":{"start":{"line":106,"column":49},"end":{"line":106,"column":59}},"39":{"start":{"line":107,"column":29},"end":{"line":107,"column":37}},"40":{"start":{"line":108,"column":4},"end":{"line":108,"column":88}},"41":{"start":{"line":108,"column":42},"end":{"line":108,"column":88}},"42":{"start":{"line":109,"column":4},"end":{"line":109,"column":72}},"43":{"start":{"line":109,"column":32},"end":{"line":109,"column":72}},"44":{"start":{"line":110,"column":19},"end":{"line":110,"column":40}},"45":{"start":{"line":111,"column":4},"end":{"line":115,"column":8}},"46":{"start":{"line":112,"column":6},"end":{"line":115,"column":8}},"47":{"start":{"line":113,"column":36},"end":{"line":113,"column":43}},"48":{"start":{"line":116,"column":31},"end":{"line":120,"column":5}},"49":{"start":{"line":121,"column":4},"end":{"line":121,"column":76}},"50":{"start":{"line":121,"column":27},"end":{"line":121,"column":76}},"51":{"start":{"line":122,"column":24},"end":{"line":126,"column":5}},"52":{"start":{"line":127,"column":4},"end":{"line":134,"column":7}},"53":{"start":{"line":138,"column":0},"end":{"line":155,"column":2}},"54":{"start":{"line":142,"column":49},"end":{"line":142,"column":59}},"55":{"start":{"line":143,"column":4},"end":{"line":143,"column":88}},"56":{"start":{"line":143,"column":42},"end":{"line":143,"column":88}},"57":{"start":{"line":144,"column":4},"end":{"line":144,"column":72}},"58":{"start":{"line":144,"column":32},"end":{"line":144,"column":72}},"59":{"start":{"line":145,"column":31},"end":{"line":149,"column":5}},"60":{"start":{"line":150,"column":4},"end":{"line":150,"column":76}},"61":{"start":{"line":150,"column":27},"end":{"line":150,"column":76}},"62":{"start":{"line":151,"column":4},"end":{"line":151,"column":58}},"63":{"start":{"line":152,"column":4},"end":{"line":152,"column":50}},"64":{"start":{"line":153,"column":4},"end":{"line":153,"column":71}},"65":{"start":{"line":157,"column":0},"end":{"line":213,"column":2}},"66":{"start":{"line":161,"column":32},"end":{"line":161,"column":42}},"67":{"start":{"line":162,"column":29},"end":{"line":162,"column":37}},"68":{"start":{"line":163,"column":4},"end":{"line":163,"column":88}},"69":{"start":{"line":163,"column":42},"end":{"line":163,"column":88}},"70":{"start":{"line":164,"column":4},"end":{"line":164,"column":72}},"71":{"start":{"line":164,"column":32},"end":{"line":164,"column":72}},"72":{"start":{"line":165,"column":22},"end":{"line":165,"column":55}},"73":{"start":{"line":166,"column":4},"end":{"line":167,"column":55}},"74":{"start":{"line":167,"column":6},"end":{"line":167,"column":55}},"75":{"start":{"line":168,"column":4},"end":{"line":170,"column":5}},"76":{"start":{"line":169,"column":6},"end":{"line":169,"column":66}},"77":{"start":{"line":171,"column":4},"end":{"line":182,"column":5}},"78":{"start":{"line":173,"column":8},"end":{"line":177,"column":76}},"79":{"start":{"line":179,"column":6},"end":{"line":181,"column":7}},"80":{"start":{"line":180,"column":8},"end":{"line":180,"column":67}},"81":{"start":{"line":183,"column":25},"end":{"line":185,"column":5}},"82":{"start":{"line":184,"column":27},"end":{"line":184,"column":53}},"83":{"start":{"line":186,"column":22},"end":{"line":188,"column":5}},"84":{"start":{"line":187,"column":30},"end":{"line":187,"column":56}},"85":{"start":{"line":189,"column":4},"end":{"line":194,"column":5}},"86":{"start":{"line":191,"column":38},"end":{"line":191,"column":54}},"87":{"start":{"line":193,"column":6},"end":{"line":193,"column":65}},"88":{"start":{"line":195,"column":27},"end":{"line":195,"column":29}},"89":{"start":{"line":196,"column":4},"end":{"line":210,"column":5}},"90":{"start":{"line":197,"column":48},"end":{"line":197,"column":63}},"91":{"start":{"line":198,"column":20},"end":{"line":200,"column":7}},"92":{"start":{"line":199,"column":15},"end":{"line":199,"column":59}},"93":{"start":{"line":201,"column":6},"end":{"line":201,"column":27}},"94":{"start":{"line":201,"column":18},"end":{"line":201,"column":27}},"95":{"start":{"line":202,"column":6},"end":{"line":202,"column":63}},"96":{"start":{"line":203,"column":6},"end":{"line":209,"column":9}},"97":{"start":{"line":211,"column":4},"end":{"line":211,"column":29}},"98":{"start":{"line":215,"column":0},"end":{"line":215,"column":24}}},"fnMap":{"0":{"name":"(anonymous_0)","decl":{"start":{"line":43,"column":15},"end":{"line":43,"column":16}},"loc":{"start":{"line":43,"column":35},"end":{"line":50,"column":3}},"line":43},"1":{"name":"(anonymous_1)","decl":{"start":{"line":45,"column":49},"end":{"line":45,"column":50}},"loc":{"start":{"line":45,"column":63},"end":{"line":48,"column":5}},"line":45},"2":{"name":"(anonymous_2)","decl":{"start":{"line":56,"column":15},"end":{"line":56,"column":16}},"loc":{"start":{"line":56,"column":35},"end":{"line":61,"column":3}},"line":56},"3":{"name":"(anonymous_3)","decl":{"start":{"line":68,"column":15},"end":{"line":68,"column":16}},"loc":{"start":{"line":68,"column":35},"end":{"line":96,"column":3}},"line":68},"4":{"name":"(anonymous_4)","decl":{"start":{"line":76,"column":27},"end":{"line":76,"column":28}},"loc":{"start":{"line":76,"column":36},"end":{"line":76,"column":43}},"line":76},"5":{"name":"(anonymous_5)","decl":{"start":{"line":105,"column":15},"end":{"line":105,"column":16}},"loc":{"start":{"line":105,"column":35},"end":{"line":135,"column":3}},"line":105},"6":{"name":"(anonymous_6)","decl":{"start":{"line":113,"column":27},"end":{"line":113,"column":28}},"loc":{"start":{"line":113,"column":36},"end":{"line":113,"column":43}},"line":113},"7":{"name":"(anonymous_7)","decl":{"start":{"line":141,"column":15},"end":{"line":141,"column":16}},"loc":{"start":{"line":141,"column":35},"end":{"line":154,"column":3}},"line":141},"8":{"name":"(anonymous_8)","decl":{"start":{"line":160,"column":15},"end":{"line":160,"column":16}},"loc":{"start":{"line":160,"column":35},"end":{"line":212,"column":3}},"line":160},"9":{"name":"(anonymous_9)","decl":{"start":{"line":184,"column":20},"end":{"line":184,"column":21}},"loc":{"start":{"line":184,"column":27},"end":{"line":184,"column":53}},"line":184},"10":{"name":"(anonymous_10)","decl":{"start":{"line":187,"column":23},"end":{"line":187,"column":24}},"loc":{"start":{"line":187,"column":30},"end":{"line":187,"column":56}},"line":187},"11":{"name":"(anonymous_11)","decl":{"start":{"line":191,"column":31},"end":{"line":191,"column":32}},"loc":{"start":{"line":191,"column":38},"end":{"line":191,"column":54}},"line":191},"12":{"name":"(anonymous_12)","decl":{"start":{"line":199,"column":8},"end":{"line":199,"column":9}},"loc":{"start":{"line":199,"column":15},"end":{"line":199,"column":59}},"line":199}},"branchMap":{"0":{"loc":{"start":{"line":58,"column":4},"end":{"line":59,"column":59}},"type":"if","locations":[{"start":{"line":58,"column":4},"end":{"line":59,"column":59}},{"start":{},"end":{}}],"line":58},"1":{"loc":{"start":{"line":71,"column":4},"end":{"line":71,"column":88}},"type":"if","locations":[{"start":{"line":71,"column":4},"end":{"line":71,"column":88}},{"start":{},"end":{}}],"line":71},"2":{"loc":{"start":{"line":72,"column":4},"end":{"line":72,"column":72}},"type":"if","locations":[{"start":{"line":72,"column":4},"end":{"line":72,"column":72}},{"start":{},"end":{}}],"line":72},"3":{"loc":{"start":{"line":74,"column":4},"end":{"line":79,"column":5}},"type":"if","locations":[{"start":{"line":74,"column":4},"end":{"line":79,"column":5}},{"start":{},"end":{}}],"line":74},"4":{"loc":{"start":{"line":85,"column":4},"end":{"line":87,"column":5}},"type":"if","locations":[{"start":{"line":85,"column":4},"end":{"line":87,"column":5}},{"start":{},"end":{}}],"line":85},"5":{"loc":{"start":{"line":108,"column":4},"end":{"line":108,"column":88}},"type":"if","locations":[{"start":{"line":108,"column":4},"end":{"line":108,"column":88}},{"start":{},"end":{}}],"line":108},"6":{"loc":{"start":{"line":109,"column":4},"end":{"line":109,"column":72}},"type":"if","locations":[{"start":{"line":109,"column":4},"end":{"line":109,"column":72}},{"start":{},"end":{}}],"line":109},"7":{"loc":{"start":{"line":111,"column":4},"end":{"line":115,"column":8}},"type":"if","locations":[{"start":{"line":111,"column":4},"end":{"line":115,"column":8}},{"start":{},"end":{}}],"line":111},"8":{"loc":{"start":{"line":121,"column":4},"end":{"line":121,"column":76}},"type":"if","locations":[{"start":{"line":121,"column":4},"end":{"line":121,"column":76}},{"start":{},"end":{}}],"line":121},"9":{"loc":{"start":{"line":143,"column":4},"end":{"line":143,"column":88}},"type":"if","locations":[{"start":{"line":143,"column":4},"end":{"line":143,"column":88}},{"start":{},"end":{}}],"line":143},"10":{"loc":{"start":{"line":144,"column":4},"end":{"line":144,"column":72}},"type":"if","locations":[{"start":{"line":144,"column":4},"end":{"line":144,"column":72}},{"start":{},"end":{}}],"line":144},"11":{"loc":{"start":{"line":150,"column":4},"end":{"line":150,"column":76}},"type":"if","locations":[{"start":{"line":150,"column":4},"end":{"line":150,"column":76}},{"start":{},"end":{}}],"line":150},"12":{"loc":{"start":{"line":163,"column":4},"end":{"line":163,"column":88}},"type":"if","locations":[{"start":{"line":163,"column":4},"end":{"line":163,"column":88}},{"start":{},"end":{}}],"line":163},"13":{"loc":{"start":{"line":164,"column":4},"end":{"line":164,"column":72}},"type":"if","locations":[{"start":{"line":164,"column":4},"end":{"line":164,"column":72}},{"start":{},"end":{}}],"line":164},"14":{"loc":{"start":{"line":166,"column":4},"end":{"line":167,"column":55}},"type":"if","locations":[{"start":{"line":166,"column":4},"end":{"line":167,"column":55}},{"start":{},"end":{}}],"line":166},"15":{"loc":{"start":{"line":168,"column":4},"end":{"line":170,"column":5}},"type":"if","locations":[{"start":{"line":168,"column":4},"end":{"line":170,"column":5}},{"start":{},"end":{}}],"line":168},"16":{"loc":{"start":{"line":173,"column":8},"end":{"line":177,"column":76}},"type":"binary-expr","locations":[{"start":{"line":173,"column":8},"end":{"line":173,"column":29}},{"start":{"line":174,"column":8},"end":{"line":174,"column":10}},{"start":{"line":175,"column":8},"end":{"line":175,"column":38}},{"start":{"line":176,"column":8},"end":{"line":176,"column":35}},{"start":{"line":177,"column":9},"end":{"line":177,"column":37}},{"start":{"line":177,"column":41},"end":{"line":177,"column":75}}],"line":173},"17":{"loc":{"start":{"line":179,"column":6},"end":{"line":181,"column":7}},"type":"if","locations":[{"start":{"line":179,"column":6},"end":{"line":181,"column":7}},{"start":{},"end":{}}],"line":179},"18":{"loc":{"start":{"line":189,"column":4},"end":{"line":194,"column":5}},"type":"if","locations":[{"start":{"line":189,"column":4},"end":{"line":194,"column":5}},{"start":{},"end":{}}],"line":189},"19":{"loc":{"start":{"line":190,"column":6},"end":{"line":191,"column":55}},"type":"binary-expr","locations":[{"start":{"line":190,"column":6},"end":{"line":190,"column":42}},{"start":{"line":191,"column":6},"end":{"line":191,"column":55}}],"line":190},"20":{"loc":{"start":{"line":199,"column":15},"end":{"line":199,"column":59}},"type":"binary-expr","locations":[{"start":{"line":199,"column":15},"end":{"line":199,"column":38}},{"start":{"line":199,"column":42},"end":{"line":199,"column":59}}],"line":199},"21":{"loc":{"start":{"line":201,"column":6},"end":{"line":201,"column":27}},"type":"if","locations":[{"start":{"line":201,"column":6},"end":{"line":201,"column":27}},{"start":{},"end":{}}],"line":201}},"s":{"0":1,"1":1,"2":1,"3":1,"4":1,"5":1,"6":1,"7":1,"8":1,"9":1,"10":1,"11":2,"12":2,"13":1,"14":2,"15":1,"16":2,"17":2,"18":1,"19":1,"20":1,"21":7,"22":7,"23":7,"24":1,"25":6,"26":1,"27":5,"28":5,"29":3,"30":3,"31":2,"32":2,"33":1,"34":1,"35":1,"36":1,"37":1,"38":5,"39":5,"40":5,"41":1,"42":4,"43":1,"44":3,"45":3,"46":1,"47":1,"48":2,"49":2,"50":1,"51":1,"52":1,"53":1,"54":4,"55":4,"56":1,"57":3,"58":1,"59":2,"60":2,"61":1,"62":1,"63":1,"64":1,"65":1,"66":7,"67":7,"68":7,"69":1,"70":6,"71":1,"72":5,"73":5,"74":1,"75":4,"76":1,"77":3,"78":3,"79":3,"80":1,"81":2,"82":3,"83":2,"84":2,"85":2,"86":1,"87":1,"88":1,"89":1,"90":1,"91":1,"92":1,"93":1,"94":0,"95":1,"96":1,"97":1,"98":1},"f":{"0":2,"1":1,"2":2,"3":7,"4":3,"5":5,"6":1,"7":4,"8":7,"9":3,"10":2,"11":1,"12":1},"b":{"0":[1,1],"1":[1,6],"2":[1,5],"3":[3,2],"4":[1,1],"5":[1,4],"6":[1,3],"7":[1,2],"8":[1,1],"9":[1,3],"10":[1,2],"11":[1,1],"12":[1,6],"13":[1,5],"14":[1,4],"15":[1,3],"16":[3,3,3,2,2,2],"17":[1,2],"18":[1,1],"19":[2,1],"20":[1,1],"21":[0,1]},"_coverageSchema":"1a1c01bbd47fc00a2c39e90264f33305004495a9","hash":"d9c8cb009d37abfb309cbdb1e80e40a805b9581e"}
,"C:\\Users\\patryk\\Desktop\\Nowy folder (4)\\routes\\users.js": {"path":"C:\\Users\\patryk\\Desktop\\Nowy folder (4)\\routes\\users.js","statementMap":{"0":{"start":{"line":1,"column":16},"end":{"line":1,"column":34}},"1":{"start":{"line":2,"column":15},"end":{"line":2,"column":31}},"2":{"start":{"line":3,"column":30},"end":{"line":3,"column":59}},"3":{"start":{"line":4,"column":27},"end":{"line":4,"column":57}},"4":{"start":{"line":5,"column":29},"end":{"line":5,"column":59}},"5":{"start":{"line":15,"column":4},"end":{"line":15,"column":41}},"6":{"start":{"line":19,"column":4},"end":{"line":19,"column":46}},"7":{"start":{"line":24,"column":4},"end":{"line":24,"column":49}},"8":{"start":{"line":25,"column":21},"end":{"line":25,"column":53}},"9":{"start":{"line":26,"column":20},"end":{"line":26,"column":51}},"10":{"start":{"line":27,"column":11},"end":{"line":27,"column":33}},"11":{"start":{"line":28,"column":13},"end":{"line":28,"column":28}},"12":{"start":{"line":29,"column":35},"end":{"line":29,"column":63}},"13":{"start":{"line":30,"column":31},"end":{"line":30,"column":62}},"14":{"start":{"line":31,"column":28},"end":{"line":31,"column":55}},"15":{"start":{"line":33,"column":21},"end":{"line":74,"column":1}},"16":{"start":{"line":75,"column":22},"end":{"line":90,"column":1}},"17":{"start":{"line":92,"column":25},"end":{"line":106,"column":1}},"18":{"start":{"line":108,"column":0},"end":{"line":137,"column":2}},"19":{"start":{"line":112,"column":19},"end":{"line":112,"column":40}},"20":{"start":{"line":113,"column":4},"end":{"line":117,"column":8}},"21":{"start":{"line":114,"column":6},"end":{"line":117,"column":8}},"22":{"start":{"line":115,"column":36},"end":{"line":115,"column":43}},"23":{"start":{"line":123,"column":8},"end":{"line":123,"column":16}},"24":{"start":{"line":124,"column":4},"end":{"line":126,"column":5}},"25":{"start":{"line":125,"column":6},"end":{"line":125,"column":60}},"26":{"start":{"line":127,"column":25},"end":{"line":127,"column":52}},"27":{"start":{"line":128,"column":4},"end":{"line":129,"column":57}},"28":{"start":{"line":129,"column":6},"end":{"line":129,"column":57}},"29":{"start":{"line":130,"column":27},"end":{"line":130,"column":41}},"30":{"start":{"line":131,"column":28},"end":{"line":131,"column":67}},"31":{"start":{"line":132,"column":4},"end":{"line":132,"column":74}},"32":{"start":{"line":132,"column":26},"end":{"line":132,"column":74}},"33":{"start":{"line":133,"column":15},"end":{"line":133,"column":73}},"34":{"start":{"line":134,"column":4},"end":{"line":134,"column":64}},"35":{"start":{"line":135,"column":4},"end":{"line":135,"column":61}},"36":{"start":{"line":139,"column":0},"end":{"line":167,"column":2}},"37":{"start":{"line":144,"column":32},"end":{"line":144,"column":42}},"38":{"start":{"line":145,"column":4},"end":{"line":145,"column":72}},"39":{"start":{"line":145,"column":32},"end":{"line":145,"column":72}},"40":{"start":{"line":146,"column":19},"end":{"line":146,"column":40}},"41":{"start":{"line":147,"column":4},"end":{"line":151,"column":8}},"42":{"start":{"line":148,"column":6},"end":{"line":151,"column":8}},"43":{"start":{"line":149,"column":36},"end":{"line":149,"column":43}},"44":{"start":{"line":152,"column":27},"end":{"line":152,"column":29}},"45":{"start":{"line":154,"column":4},"end":{"line":154,"column":89}},"46":{"start":{"line":154,"column":43},"end":{"line":154,"column":89}},"47":{"start":{"line":155,"column":4},"end":{"line":155,"column":86}},"48":{"start":{"line":155,"column":42},"end":{"line":155,"column":86}},"49":{"start":{"line":156,"column":4},"end":{"line":156,"column":84}},"50":{"start":{"line":156,"column":41},"end":{"line":156,"column":84}},"51":{"start":{"line":157,"column":4},"end":{"line":157,"column":44}},"52":{"start":{"line":158,"column":19},"end":{"line":158,"column":44}},"53":{"start":{"line":159,"column":4},"end":{"line":159,"column":60}},"54":{"start":{"line":159,"column":15},"end":{"line":159,"column":60}},"55":{"start":{"line":160,"column":4},"end":{"line":165,"column":7}},"56":{"start":{"line":168,"column":0},"end":{"line":183,"column":2}},"57":{"start":{"line":172,"column":32},"end":{"line":172,"column":42}},"58":{"start":{"line":173,"column":4},"end":{"line":173,"column":72}},"59":{"start":{"line":173,"column":32},"end":{"line":173,"column":72}},"60":{"start":{"line":174,"column":19},"end":{"line":174,"column":44}},"61":{"start":{"line":175,"column":4},"end":{"line":175,"column":60}},"62":{"start":{"line":175,"column":15},"end":{"line":175,"column":60}},"63":{"start":{"line":176,"column":4},"end":{"line":181,"column":7}},"64":{"start":{"line":185,"column":0},"end":{"line":187,"column":3}},"65":{"start":{"line":186,"column":2},"end":{"line":186,"column":21}},"66":{"start":{"line":189,"column":0},"end":{"line":200,"column":2}},"67":{"start":{"line":193,"column":32},"end":{"line":193,"column":42}},"68":{"start":{"line":194,"column":4},"end":{"line":194,"column":72}},"69":{"start":{"line":194,"column":32},"end":{"line":194,"column":72}},"70":{"start":{"line":195,"column":19},"end":{"line":195,"column":44}},"71":{"start":{"line":196,"column":4},"end":{"line":196,"column":60}},"72":{"start":{"line":196,"column":15},"end":{"line":196,"column":60}},"73":{"start":{"line":197,"column":25},"end":{"line":197,"column":62}},"74":{"start":{"line":198,"column":4},"end":{"line":198,"column":27}},"75":{"start":{"line":202,"column":0},"end":{"line":221,"column":2}},"76":{"start":{"line":207,"column":19},"end":{"line":207,"column":40}},"77":{"start":{"line":208,"column":4},"end":{"line":212,"column":8}},"78":{"start":{"line":209,"column":6},"end":{"line":212,"column":8}},"79":{"start":{"line":210,"column":36},"end":{"line":210,"column":43}},"80":{"start":{"line":213,"column":32},"end":{"line":213,"column":42}},"81":{"start":{"line":214,"column":4},"end":{"line":214,"column":72}},"82":{"start":{"line":214,"column":32},"end":{"line":214,"column":72}},"83":{"start":{"line":215,"column":28},"end":{"line":215,"column":36}},"84":{"start":{"line":216,"column":19},"end":{"line":216,"column":44}},"85":{"start":{"line":217,"column":4},"end":{"line":217,"column":60}},"86":{"start":{"line":217,"column":15},"end":{"line":217,"column":60}},"87":{"start":{"line":218,"column":19},"end":{"line":218,"column":66}},"88":{"start":{"line":219,"column":4},"end":{"line":219,"column":40}},"89":{"start":{"line":223,"column":0},"end":{"line":232,"column":2}},"90":{"start":{"line":227,"column":32},"end":{"line":227,"column":42}},"91":{"start":{"line":228,"column":4},"end":{"line":228,"column":72}},"92":{"start":{"line":228,"column":32},"end":{"line":228,"column":72}},"93":{"start":{"line":229,"column":20},"end":{"line":229,"column":59}},"94":{"start":{"line":230,"column":4},"end":{"line":230,"column":73}},"95":{"start":{"line":230,"column":33},"end":{"line":230,"column":69}},"96":{"start":{"line":234,"column":0},"end":{"line":248,"column":2}},"97":{"start":{"line":238,"column":32},"end":{"line":238,"column":42}},"98":{"start":{"line":243,"column":8},"end":{"line":243,"column":16}},"99":{"start":{"line":244,"column":4},"end":{"line":244,"column":72}},"100":{"start":{"line":244,"column":32},"end":{"line":244,"column":72}},"101":{"start":{"line":245,"column":4},"end":{"line":245,"column":74}},"102":{"start":{"line":246,"column":4},"end":{"line":246,"column":57}},"103":{"start":{"line":250,"column":0},"end":{"line":260,"column":2}},"104":{"start":{"line":254,"column":53},"end":{"line":254,"column":63}},"105":{"start":{"line":255,"column":4},"end":{"line":255,"column":72}},"106":{"start":{"line":255,"column":32},"end":{"line":255,"column":72}},"107":{"start":{"line":256,"column":19},"end":{"line":256,"column":66}},"108":{"start":{"line":257,"column":4},"end":{"line":257,"column":64}},"109":{"start":{"line":257,"column":17},"end":{"line":257,"column":64}},"110":{"start":{"line":258,"column":4},"end":{"line":258,"column":77}},"111":{"start":{"line":264,"column":0},"end":{"line":291,"column":2}},"112":{"start":{"line":267,"column":22},"end":{"line":267,"column":30}},"113":{"start":{"line":269,"column":4},"end":{"line":271,"column":5}},"114":{"start":{"line":270,"column":6},"end":{"line":270,"column":56}},"115":{"start":{"line":273,"column":25},"end":{"line":273,"column":52}},"116":{"start":{"line":274,"column":4},"end":{"line":276,"column":5}},"117":{"start":{"line":275,"column":6},"end":{"line":275,"column":103}},"118":{"start":{"line":278,"column":27},"end":{"line":278,"column":41}},"119":{"start":{"line":279,"column":28},"end":{"line":279,"column":67}},"120":{"start":{"line":280,"column":4},"end":{"line":280,"column":74}},"121":{"start":{"line":280,"column":26},"end":{"line":280,"column":74}},"122":{"start":{"line":282,"column":23},"end":{"line":282,"column":43}},"123":{"start":{"line":283,"column":4},"end":{"line":283,"column":57}},"124":{"start":{"line":284,"column":28},"end":{"line":284,"column":70}},"125":{"start":{"line":285,"column":22},"end":{"line":285,"column":111}},"126":{"start":{"line":287,"column":4},"end":{"line":287,"column":43}},"127":{"start":{"line":289,"column":4},"end":{"line":289,"column":94}},"128":{"start":{"line":295,"column":0},"end":{"line":319,"column":2}},"129":{"start":{"line":298,"column":40},"end":{"line":298,"column":48}},"130":{"start":{"line":300,"column":4},"end":{"line":302,"column":5}},"131":{"start":{"line":301,"column":6},"end":{"line":301,"column":74}},"132":{"start":{"line":304,"column":17},"end":{"line":304,"column":51}},"133":{"start":{"line":305,"column":4},"end":{"line":307,"column":5}},"134":{"start":{"line":306,"column":6},"end":{"line":306,"column":75}},"135":{"start":{"line":308,"column":19},"end":{"line":308,"column":40}},"136":{"start":{"line":309,"column":4},"end":{"line":313,"column":8}},"137":{"start":{"line":310,"column":6},"end":{"line":313,"column":8}},"138":{"start":{"line":311,"column":36},"end":{"line":311,"column":43}},"139":{"start":{"line":315,"column":4},"end":{"line":315,"column":57}},"140":{"start":{"line":316,"column":4},"end":{"line":316,"column":39}},"141":{"start":{"line":317,"column":4},"end":{"line":317,"column":75}},"142":{"start":{"line":322,"column":0},"end":{"line":322,"column":24}}},"fnMap":{"0":{"name":"(anonymous_0)","decl":{"start":{"line":111,"column":15},"end":{"line":111,"column":16}},"loc":{"start":{"line":111,"column":35},"end":{"line":136,"column":3}},"line":111},"1":{"name":"(anonymous_1)","decl":{"start":{"line":115,"column":27},"end":{"line":115,"column":28}},"loc":{"start":{"line":115,"column":36},"end":{"line":115,"column":43}},"line":115},"2":{"name":"(anonymous_2)","decl":{"start":{"line":143,"column":15},"end":{"line":143,"column":16}},"loc":{"start":{"line":143,"column":35},"end":{"line":166,"column":3}},"line":143},"3":{"name":"(anonymous_3)","decl":{"start":{"line":149,"column":27},"end":{"line":149,"column":28}},"loc":{"start":{"line":149,"column":36},"end":{"line":149,"column":43}},"line":149},"4":{"name":"(anonymous_4)","decl":{"start":{"line":171,"column":15},"end":{"line":171,"column":16}},"loc":{"start":{"line":171,"column":35},"end":{"line":182,"column":3}},"line":171},"5":{"name":"(anonymous_5)","decl":{"start":{"line":185,"column":41},"end":{"line":185,"column":42}},"loc":{"start":{"line":185,"column":55},"end":{"line":187,"column":1}},"line":185},"6":{"name":"(anonymous_6)","decl":{"start":{"line":192,"column":15},"end":{"line":192,"column":16}},"loc":{"start":{"line":192,"column":35},"end":{"line":199,"column":3}},"line":192},"7":{"name":"(anonymous_7)","decl":{"start":{"line":206,"column":15},"end":{"line":206,"column":16}},"loc":{"start":{"line":206,"column":35},"end":{"line":220,"column":3}},"line":206},"8":{"name":"(anonymous_8)","decl":{"start":{"line":210,"column":27},"end":{"line":210,"column":28}},"loc":{"start":{"line":210,"column":36},"end":{"line":210,"column":43}},"line":210},"9":{"name":"(anonymous_9)","decl":{"start":{"line":226,"column":15},"end":{"line":226,"column":16}},"loc":{"start":{"line":226,"column":35},"end":{"line":231,"column":3}},"line":226},"10":{"name":"(anonymous_10)","decl":{"start":{"line":230,"column":25},"end":{"line":230,"column":26}},"loc":{"start":{"line":230,"column":33},"end":{"line":230,"column":69}},"line":230},"11":{"name":"(anonymous_11)","decl":{"start":{"line":237,"column":15},"end":{"line":237,"column":16}},"loc":{"start":{"line":237,"column":35},"end":{"line":247,"column":3}},"line":237},"12":{"name":"(anonymous_12)","decl":{"start":{"line":253,"column":15},"end":{"line":253,"column":16}},"loc":{"start":{"line":253,"column":35},"end":{"line":259,"column":3}},"line":253},"13":{"name":"(anonymous_13)","decl":{"start":{"line":266,"column":15},"end":{"line":266,"column":16}},"loc":{"start":{"line":266,"column":35},"end":{"line":290,"column":3}},"line":266},"14":{"name":"(anonymous_14)","decl":{"start":{"line":297,"column":15},"end":{"line":297,"column":16}},"loc":{"start":{"line":297,"column":35},"end":{"line":318,"column":3}},"line":297},"15":{"name":"(anonymous_15)","decl":{"start":{"line":311,"column":27},"end":{"line":311,"column":28}},"loc":{"start":{"line":311,"column":36},"end":{"line":311,"column":43}},"line":311}},"branchMap":{"0":{"loc":{"start":{"line":113,"column":4},"end":{"line":117,"column":8}},"type":"if","locations":[{"start":{"line":113,"column":4},"end":{"line":117,"column":8}},{"start":{},"end":{}}],"line":113},"1":{"loc":{"start":{"line":124,"column":4},"end":{"line":126,"column":5}},"type":"if","locations":[{"start":{"line":124,"column":4},"end":{"line":126,"column":5}},{"start":{},"end":{}}],"line":124},"2":{"loc":{"start":{"line":124,"column":8},"end":{"line":124,"column":54}},"type":"binary-expr","locations":[{"start":{"line":124,"column":8},"end":{"line":124,"column":18}},{"start":{"line":124,"column":22},"end":{"line":124,"column":31}},{"start":{"line":124,"column":35},"end":{"line":124,"column":41}},{"start":{"line":124,"column":45},"end":{"line":124,"column":54}}],"line":124},"3":{"loc":{"start":{"line":128,"column":4},"end":{"line":129,"column":57}},"type":"if","locations":[{"start":{"line":128,"column":4},"end":{"line":129,"column":57}},{"start":{},"end":{}}],"line":128},"4":{"loc":{"start":{"line":132,"column":4},"end":{"line":132,"column":74}},"type":"if","locations":[{"start":{"line":132,"column":4},"end":{"line":132,"column":74}},{"start":{},"end":{}}],"line":132},"5":{"loc":{"start":{"line":145,"column":4},"end":{"line":145,"column":72}},"type":"if","locations":[{"start":{"line":145,"column":4},"end":{"line":145,"column":72}},{"start":{},"end":{}}],"line":145},"6":{"loc":{"start":{"line":147,"column":4},"end":{"line":151,"column":8}},"type":"if","locations":[{"start":{"line":147,"column":4},"end":{"line":151,"column":8}},{"start":{},"end":{}}],"line":147},"7":{"loc":{"start":{"line":154,"column":4},"end":{"line":154,"column":89}},"type":"if","locations":[{"start":{"line":154,"column":4},"end":{"line":154,"column":89}},{"start":{},"end":{}}],"line":154},"8":{"loc":{"start":{"line":155,"column":4},"end":{"line":155,"column":86}},"type":"if","locations":[{"start":{"line":155,"column":4},"end":{"line":155,"column":86}},{"start":{},"end":{}}],"line":155},"9":{"loc":{"start":{"line":156,"column":4},"end":{"line":156,"column":84}},"type":"if","locations":[{"start":{"line":156,"column":4},"end":{"line":156,"column":84}},{"start":{},"end":{}}],"line":156},"10":{"loc":{"start":{"line":159,"column":4},"end":{"line":159,"column":60}},"type":"if","locations":[{"start":{"line":159,"column":4},"end":{"line":159,"column":60}},{"start":{},"end":{}}],"line":159},"11":{"loc":{"start":{"line":173,"column":4},"end":{"line":173,"column":72}},"type":"if","locations":[{"start":{"line":173,"column":4},"end":{"line":173,"column":72}},{"start":{},"end":{}}],"line":173},"12":{"loc":{"start":{"line":175,"column":4},"end":{"line":175,"column":60}},"type":"if","locations":[{"start":{"line":175,"column":4},"end":{"line":175,"column":60}},{"start":{},"end":{}}],"line":175},"13":{"loc":{"start":{"line":194,"column":4},"end":{"line":194,"column":72}},"type":"if","locations":[{"start":{"line":194,"column":4},"end":{"line":194,"column":72}},{"start":{},"end":{}}],"line":194},"14":{"loc":{"start":{"line":196,"column":4},"end":{"line":196,"column":60}},"type":"if","locations":[{"start":{"line":196,"column":4},"end":{"line":196,"column":60}},{"start":{},"end":{}}],"line":196},"15":{"loc":{"start":{"line":208,"column":4},"end":{"line":212,"column":8}},"type":"if","locations":[{"start":{"line":208,"column":4},"end":{"line":212,"column":8}},{"start":{},"end":{}}],"line":208},"16":{"loc":{"start":{"line":214,"column":4},"end":{"line":214,"column":72}},"type":"if","locations":[{"start":{"line":214,"column":4},"end":{"line":214,"column":72}},{"start":{},"end":{}}],"line":214},"17":{"loc":{"start":{"line":217,"column":4},"end":{"line":217,"column":60}},"type":"if","locations":[{"start":{"line":217,"column":4},"end":{"line":217,"column":60}},{"start":{},"end":{}}],"line":217},"18":{"loc":{"start":{"line":228,"column":4},"end":{"line":228,"column":72}},"type":"if","locations":[{"start":{"line":228,"column":4},"end":{"line":228,"column":72}},{"start":{},"end":{}}],"line":228},"19":{"loc":{"start":{"line":244,"column":4},"end":{"line":244,"column":72}},"type":"if","locations":[{"start":{"line":244,"column":4},"end":{"line":244,"column":72}},{"start":{},"end":{}}],"line":244},"20":{"loc":{"start":{"line":255,"column":4},"end":{"line":255,"column":72}},"type":"if","locations":[{"start":{"line":255,"column":4},"end":{"line":255,"column":72}},{"start":{},"end":{}}],"line":255},"21":{"loc":{"start":{"line":257,"column":4},"end":{"line":257,"column":64}},"type":"if","locations":[{"start":{"line":257,"column":4},"end":{"line":257,"column":64}},{"start":{},"end":{}}],"line":257},"22":{"loc":{"start":{"line":269,"column":4},"end":{"line":271,"column":5}},"type":"if","locations":[{"start":{"line":269,"column":4},"end":{"line":271,"column":5}},{"start":{},"end":{}}],"line":269},"23":{"loc":{"start":{"line":274,"column":4},"end":{"line":276,"column":5}},"type":"if","locations":[{"start":{"line":274,"column":4},"end":{"line":276,"column":5}},{"start":{},"end":{}}],"line":274},"24":{"loc":{"start":{"line":274,"column":8},"end":{"line":274,"column":50}},"type":"binary-expr","locations":[{"start":{"line":274,"column":8},"end":{"line":274,"column":21}},{"start":{"line":274,"column":25},"end":{"line":274,"column":50}}],"line":274},"25":{"loc":{"start":{"line":280,"column":4},"end":{"line":280,"column":74}},"type":"if","locations":[{"start":{"line":280,"column":4},"end":{"line":280,"column":74}},{"start":{},"end":{}}],"line":280},"26":{"loc":{"start":{"line":300,"column":4},"end":{"line":302,"column":5}},"type":"if","locations":[{"start":{"line":300,"column":4},"end":{"line":302,"column":5}},{"start":{},"end":{}}],"line":300},"27":{"loc":{"start":{"line":300,"column":8},"end":{"line":300,"column":35}},"type":"binary-expr","locations":[{"start":{"line":300,"column":8},"end":{"line":300,"column":19}},{"start":{"line":300,"column":23},"end":{"line":300,"column":35}}],"line":300},"28":{"loc":{"start":{"line":305,"column":4},"end":{"line":307,"column":5}},"type":"if","locations":[{"start":{"line":305,"column":4},"end":{"line":307,"column":5}},{"start":{},"end":{}}],"line":305},"29":{"loc":{"start":{"line":309,"column":4},"end":{"line":313,"column":8}},"type":"if","locations":[{"start":{"line":309,"column":4},"end":{"line":313,"column":8}},{"start":{},"end":{}}],"line":309}},"s":{"0":1,"1":1,"2":1,"3":1,"4":1,"5":1,"6":1,"7":1,"8":1,"9":1,"10":1,"11":1,"12":1,"13":1,"14":1,"15":1,"16":1,"17":1,"18":1,"19":6,"20":6,"21":3,"22":3,"23":3,"24":3,"25":0,"26":3,"27":3,"28":1,"29":2,"30":2,"31":2,"32":1,"33":1,"34":1,"35":1,"36":1,"37":3,"38":3,"39":1,"40":2,"41":2,"42":1,"43":1,"44":1,"45":1,"46":1,"47":1,"48":1,"49":1,"50":1,"51":1,"52":1,"53":1,"54":0,"55":1,"56":1,"57":2,"58":2,"59":1,"60":1,"61":1,"62":0,"63":1,"64":1,"65":1,"66":1,"67":2,"68":2,"69":1,"70":1,"71":1,"72":0,"73":1,"74":1,"75":1,"76":2,"77":2,"78":1,"79":1,"80":1,"81":1,"82":1,"83":0,"84":0,"85":0,"86":0,"87":0,"88":0,"89":1,"90":2,"91":2,"92":1,"93":1,"94":1,"95":0,"96":1,"97":1,"98":1,"99":1,"100":1,"101":0,"102":0,"103":1,"104":1,"105":1,"106":1,"107":0,"108":0,"109":0,"110":0,"111":1,"112":3,"113":3,"114":1,"115":2,"116":2,"117":1,"118":1,"119":1,"120":1,"121":0,"122":1,"123":1,"124":1,"125":1,"126":1,"127":1,"128":1,"129":4,"130":4,"131":1,"132":3,"133":3,"134":1,"135":2,"136":2,"137":1,"138":1,"139":1,"140":1,"141":1,"142":1},"f":{"0":6,"1":3,"2":3,"3":1,"4":2,"5":1,"6":2,"7":2,"8":1,"9":2,"10":0,"11":1,"12":1,"13":3,"14":4,"15":1},"b":{"0":[3,3],"1":[0,3],"2":[3,3,3,3],"3":[1,2],"4":[1,1],"5":[1,2],"6":[1,1],"7":[1,0],"8":[1,0],"9":[1,0],"10":[0,1],"11":[1,1],"12":[0,1],"13":[1,1],"14":[0,1],"15":[1,1],"16":[1,0],"17":[0,0],"18":[1,1],"19":[1,0],"20":[1,0],"21":[0,0],"22":[1,2],"23":[1,1],"24":[2,2],"25":[0,1],"26":[1,3],"27":[4,3],"28":[1,2],"29":[1,1]},"_coverageSchema":"1a1c01bbd47fc00a2c39e90264f33305004495a9","hash":"2b79d7accf457b8fe173fa3391aa054effbd193d"}
,"C:\\Users\\patryk\\Desktop\\Nowy folder (4)\\utils\\captcha.js": {"path":"C:\\Users\\patryk\\Desktop\\Nowy folder (4)\\utils\\captcha.js","statementMap":{"0":{"start":{"line":2,"column":22},"end":{"line":2,"column":48}},"1":{"start":{"line":3,"column":4},"end":{"line":3,"column":32}},"2":{"start":{"line":3,"column":19},"end":{"line":3,"column":32}},"3":{"start":{"line":4,"column":28},"end":{"line":4,"column":115}},"4":{"start":{"line":5,"column":4},"end":{"line":15,"column":5}},"5":{"start":{"line":6,"column":23},"end":{"line":8,"column":8}},"6":{"start":{"line":10,"column":19},"end":{"line":10,"column":40}},"7":{"start":{"line":11,"column":6},"end":{"line":11,"column":46}},"8":{"start":{"line":13,"column":6},"end":{"line":13,"column":56}},"9":{"start":{"line":14,"column":6},"end":{"line":14,"column":19}},"10":{"start":{"line":18,"column":0},"end":{"line":20,"column":2}}},"fnMap":{"0":{"name":"validateRecaptcha","decl":{"start":{"line":1,"column":16},"end":{"line":1,"column":33}},"loc":{"start":{"line":1,"column":42},"end":{"line":16,"column":3}},"line":1}},"branchMap":{"0":{"loc":{"start":{"line":3,"column":4},"end":{"line":3,"column":32}},"type":"if","locations":[{"start":{"line":3,"column":4},"end":{"line":3,"column":32}},{"start":{},"end":{}}],"line":3},"1":{"loc":{"start":{"line":11,"column":13},"end":{"line":11,"column":45}},"type":"binary-expr","locations":[{"start":{"line":11,"column":13},"end":{"line":11,"column":25}},{"start":{"line":11,"column":29},"end":{"line":11,"column":45}}],"line":11}},"s":{"0":5,"1":5,"2":1,"3":4,"4":4,"5":4,"6":3,"7":3,"8":1,"9":1,"10":1},"f":{"0":5},"b":{"0":[1,4],"1":[3,2]},"_coverageSchema":"1a1c01bbd47fc00a2c39e90264f33305004495a9","hash":"caddb4bf563795fd03596a7ddba0def198849dfb"}
,"C:\\Users\\patryk\\Desktop\\Nowy folder (4)\\utils\\customError.js": {"path":"C:\\Users\\patryk\\Desktop\\Nowy folder (4)\\utils\\customError.js","statementMap":{"0":{"start":{"line":3,"column":4},"end":{"line":3,"column":19}},"1":{"start":{"line":4,"column":4},"end":{"line":4,"column":33}},"2":{"start":{"line":5,"column":4},"end":{"line":5,"column":52}},"3":{"start":{"line":9,"column":0},"end":{"line":9,"column":29}}},"fnMap":{"0":{"name":"(anonymous_0)","decl":{"start":{"line":2,"column":2},"end":{"line":2,"column":3}},"loc":{"start":{"line":2,"column":66},"end":{"line":6,"column":3}},"line":2}},"branchMap":{"0":{"loc":{"start":{"line":2,"column":14},"end":{"line":2,"column":46}},"type":"default-arg","locations":[{"start":{"line":2,"column":24},"end":{"line":2,"column":46}}],"line":2},"1":{"loc":{"start":{"line":2,"column":48},"end":{"line":2,"column":64}},"type":"default-arg","locations":[{"start":{"line":2,"column":61},"end":{"line":2,"column":64}}],"line":2}},"s":{"0":49,"1":49,"2":49,"3":4},"f":{"0":49},"b":{"0":[1],"1":[2]},"_coverageSchema":"1a1c01bbd47fc00a2c39e90264f33305004495a9","hash":"a3b684cfc1c52a7c97df93166c45b39cbd8a6b71"}
,"C:\\Users\\patryk\\Desktop\\Nowy folder (4)\\utils\\emailUtils.js": {"path":"C:\\Users\\patryk\\Desktop\\Nowy folder (4)\\utils\\emailUtils.js","statementMap":{"0":{"start":{"line":1,"column":19},"end":{"line":1,"column":40}},"1":{"start":{"line":2,"column":0},"end":{"line":2,"column":27}},"2":{"start":{"line":5,"column":22},"end":{"line":16,"column":4}},"3":{"start":{"line":18,"column":22},"end":{"line":30,"column":3}},"4":{"start":{"line":32,"column":2},"end":{"line":39,"column":3}},"5":{"start":{"line":33,"column":17},"end":{"line":33,"column":56}},"6":{"start":{"line":34,"column":4},"end":{"line":34,"column":53}},"7":{"start":{"line":35,"column":4},"end":{"line":35,"column":56}},"8":{"start":{"line":37,"column":4},"end":{"line":37,"column":60}},"9":{"start":{"line":38,"column":4},"end":{"line":38,"column":71}},"10":{"start":{"line":42,"column":0},"end":{"line":44,"column":2}}},"fnMap":{"0":{"name":"sendResetEmail","decl":{"start":{"line":4,"column":15},"end":{"line":4,"column":29}},"loc":{"start":{"line":4,"column":45},"end":{"line":40,"column":1}},"line":4}},"branchMap":{},"s":{"0":2,"1":2,"2":5,"3":5,"4":5,"5":5,"6":4,"7":4,"8":1,"9":1,"10":2},"f":{"0":5},"b":{},"_coverageSchema":"1a1c01bbd47fc00a2c39e90264f33305004495a9","hash":"a65bf11a3234124c2b0c28d798af1edb34ac6bda"}
,"C:\\Users\\patryk\\Desktop\\Nowy folder (4)\\utils\\fileHandler.js": {"path":"C:\\Users\\patryk\\Desktop\\Nowy folder (4)\\utils\\fileHandler.js","statementMap":{"0":{"start":{"line":1,"column":11},"end":{"line":1,"column":33}},"1":{"start":{"line":2,"column":13},"end":{"line":2,"column":33}},"2":{"start":{"line":3,"column":15},"end":{"line":3,"column":37}},"3":{"start":{"line":4,"column":17},"end":{"line":4,"column":36}},"4":{"start":{"line":6,"column":27},"end":{"line":16,"column":1}},"5":{"start":{"line":7,"column":24},"end":{"line":10,"column":18}},"6":{"start":{"line":11,"column":19},"end":{"line":11,"column":53}},"7":{"start":{"line":12,"column":21},"end":{"line":12,"column":47}},"8":{"start":{"line":13,"column":2},"end":{"line":13,"column":50}},"9":{"start":{"line":14,"column":2},"end":{"line":14,"column":64}},"10":{"start":{"line":15,"column":2},"end":{"line":15,"column":18}},"11":{"start":{"line":18,"column":27},"end":{"line":30,"column":1}},"12":{"start":{"line":19,"column":21},"end":{"line":19,"column":47}},"13":{"start":{"line":20,"column":25},"end":{"line":23,"column":18}},"14":{"start":{"line":24,"column":22},"end":{"line":24,"column":57}},"15":{"start":{"line":25,"column":22},"end":{"line":25,"column":56}},"16":{"start":{"line":27,"column":2},"end":{"line":27,"column":50}},"17":{"start":{"line":28,"column":2},"end":{"line":28,"column":47}},"18":{"start":{"line":29,"column":2},"end":{"line":29,"column":21}},"19":{"start":{"line":32,"column":27},"end":{"line":46,"column":1}},"20":{"start":{"line":33,"column":19},"end":{"line":36,"column":16}},"21":{"start":{"line":37,"column":19},"end":{"line":37,"column":76}},"22":{"start":{"line":38,"column":2},"end":{"line":45,"column":3}},"23":{"start":{"line":41,"column":18},"end":{"line":41,"column":22}},"24":{"start":{"line":42,"column":19},"end":{"line":42,"column":24}},"25":{"start":{"line":44,"column":4},"end":{"line":44,"column":30}},"26":{"start":{"line":48,"column":27},"end":{"line":54,"column":1}},"27":{"start":{"line":49,"column":21},"end":{"line":49,"column":47}},"28":{"start":{"line":50,"column":18},"end":{"line":50,"column":57}},"29":{"start":{"line":51,"column":2},"end":{"line":51,"column":45}},"30":{"start":{"line":52,"column":2},"end":{"line":52,"column":20}},"31":{"start":{"line":53,"column":2},"end":{"line":53,"column":50}},"32":{"start":{"line":56,"column":0},"end":{"line":61,"column":2}}},"fnMap":{"0":{"name":"(anonymous_0)","decl":{"start":{"line":6,"column":27},"end":{"line":6,"column":28}},"loc":{"start":{"line":6,"column":67},"end":{"line":16,"column":1}},"line":6},"1":{"name":"(anonymous_1)","decl":{"start":{"line":18,"column":27},"end":{"line":18,"column":28}},"loc":{"start":{"line":18,"column":70},"end":{"line":30,"column":1}},"line":18},"2":{"name":"(anonymous_2)","decl":{"start":{"line":32,"column":27},"end":{"line":32,"column":28}},"loc":{"start":{"line":32,"column":57},"end":{"line":46,"column":1}},"line":32},"3":{"name":"(anonymous_3)","decl":{"start":{"line":41,"column":12},"end":{"line":41,"column":13}},"loc":{"start":{"line":41,"column":18},"end":{"line":41,"column":22}},"line":41},"4":{"name":"(anonymous_4)","decl":{"start":{"line":42,"column":13},"end":{"line":42,"column":14}},"loc":{"start":{"line":42,"column":19},"end":{"line":42,"column":24}},"line":42},"5":{"name":"(anonymous_5)","decl":{"start":{"line":48,"column":27},"end":{"line":48,"column":28}},"loc":{"start":{"line":48,"column":44},"end":{"line":54,"column":1}},"line":48}},"branchMap":{"0":{"loc":{"start":{"line":38,"column":2},"end":{"line":45,"column":3}},"type":"if","locations":[{"start":{"line":38,"column":2},"end":{"line":45,"column":3}},{"start":{},"end":{}}],"line":38}},"s":{"0":2,"1":2,"2":2,"3":2,"4":2,"5":3,"6":3,"7":3,"8":3,"9":3,"10":3,"11":2,"12":3,"13":3,"14":3,"15":3,"16":3,"17":3,"18":3,"19":2,"20":3,"21":3,"22":3,"23":2,"24":1,"25":2,"26":2,"27":3,"28":3,"29":3,"30":3,"31":3,"32":2},"f":{"0":3,"1":3,"2":3,"3":2,"4":1,"5":3},"b":{"0":[2,1]},"_coverageSchema":"1a1c01bbd47fc00a2c39e90264f33305004495a9","hash":"a01677b5c0c6c8ef62b3ebedf87e424b969465bb"}
,"C:\\Users\\patryk\\Desktop\\Nowy folder (4)\\utils\\hashGen.js": {"path":"C:\\Users\\patryk\\Desktop\\Nowy folder (4)\\utils\\hashGen.js","statementMap":{"0":{"start":{"line":1,"column":15},"end":{"line":1,"column":32}},"1":{"start":{"line":4,"column":17},"end":{"line":4,"column":77}},"2":{"start":{"line":5,"column":4},"end":{"line":5,"column":34}},"3":{"start":{"line":8,"column":0},"end":{"line":10,"column":4}}},"fnMap":{"0":{"name":"getHash","decl":{"start":{"line":3,"column":15},"end":{"line":3,"column":22}},"loc":{"start":{"line":3,"column":35},"end":{"line":6,"column":1}},"line":3}},"branchMap":{},"s":{"0":1,"1":5,"2":5,"3":1},"f":{"0":5},"b":{},"_coverageSchema":"1a1c01bbd47fc00a2c39e90264f33305004495a9","hash":"14d4b821648e1575ec06134931b892928ff9ea9e"}
,"C:\\Users\\patryk\\Desktop\\Nowy folder (4)\\utils\\tokenUtils.js": {"path":"C:\\Users\\patryk\\Desktop\\Nowy folder (4)\\utils\\tokenUtils.js","statementMap":{"0":{"start":{"line":1,"column":15},"end":{"line":1,"column":32}},"1":{"start":{"line":4,"column":16},"end":{"line":4,"column":54}},"2":{"start":{"line":5,"column":2},"end":{"line":5,"column":15}},"3":{"start":{"line":8,"column":0},"end":{"line":10,"column":2}}},"fnMap":{"0":{"name":"generateResetToken","decl":{"start":{"line":3,"column":9},"end":{"line":3,"column":27}},"loc":{"start":{"line":3,"column":30},"end":{"line":6,"column":1}},"line":3}},"branchMap":{},"s":{"0":2,"1":6,"2":6,"3":2},"f":{"0":6},"b":{},"_coverageSchema":"1a1c01bbd47fc00a2c39e90264f33305004495a9","hash":"0f16312ac9eeaf2a60c7db42e66da2b868d66c30"}
}
