TN:
SF:app.js
FN:42,(anonymous_0)
FN:51,(anonymous_1)
FN:65,(anonymous_2)
FN:72,(anonymous_3)
FN:87,(anonymous_4)
FN:95,(anonymous_5)
FN:99,(anonymous_6)
FN:114,(anonymous_7)
FN:118,(anonymous_8)
FNF:9
FNH:3
FNDA:0,(anonymous_0)
FNDA:0,(anonymous_1)
FNDA:7,(anonymous_2)
FNDA:3,(anonymous_3)
FNDA:0,(anonymous_4)
FNDA:0,(anonymous_5)
FNDA:2,(anonymous_6)
FNDA:0,(anonymous_7)
FNDA:0,(anonymous_8)
DA:1,1
DA:2,1
DA:3,1
DA:4,1
DA:5,1
DA:6,1
DA:7,1
DA:8,1
DA:9,1
DA:11,1
DA:13,1
DA:14,1
DA:15,1
DA:21,1
DA:22,1
DA:23,1
DA:26,1
DA:27,1
DA:28,1
DA:29,1
DA:38,1
DA:39,1
DA:41,1
DA:42,0
DA:52,0
DA:53,0
DA:54,0
DA:55,0
DA:61,0
DA:65,1
DA:66,7
DA:67,1
DA:69,6
DA:72,1
DA:73,3
DA:74,3
DA:75,3
DA:77,0
DA:78,0
DA:83,1
DA:84,1
DA:85,1
DA:87,1
DA:88,0
DA:89,0
DA:90,0
DA:92,0
DA:95,1
DA:96,0
DA:99,1
DA:100,2
DA:103,1
DA:105,1
DA:106,0
DA:108,0
DA:109,0
DA:110,0
DA:111,0
DA:112,0
DA:113,0
DA:114,0
DA:115,0
DA:118,0
DA:119,0
LF:64
LH:40
BRDA:13,0,0,1
BRDA:13,0,1,0
BRDA:21,1,0,1
BRDA:21,1,1,0
BRDA:53,2,0,0
BRDA:53,2,1,0
BRDA:66,3,0,1
BRDA:66,3,1,6
BRDA:66,4,0,7
BRDA:66,4,1,1
BRDA:89,5,0,0
BRDA:89,5,1,0
BRDA:92,6,0,0
BRDA:92,6,1,0
BRDA:92,7,0,0
BRDA:92,7,1,0
BRDA:96,8,0,0
BRDA:96,8,1,0
BRDA:96,9,0,0
BRDA:96,9,1,0
BRDA:105,10,0,0
BRDA:105,10,1,1
BRDA:106,11,0,0
BRDA:106,11,1,0
BRDA:108,12,0,0
BRDA:108,12,1,0
BRF:26
BRH:7
end_of_record
TN:
SF:config\db\drizzleDB.js
FNF:0
FNH:0
DA:1,5
DA:2,5
DA:3,5
DA:4,5
DA:8,5
DA:13,5
LF:6
LH:6
BRF:0
BRH:0
end_of_record
TN:
SF:config\db\schema.js
FN:18,(anonymous_0)
FN:29,(anonymous_1)
FN:56,(anonymous_2)
FN:72,(anonymous_3)
FN:96,(anonymous_4)
FN:116,(anonymous_5)
FNF:6
FNH:4
FNDA:5,(anonymous_0)
FNDA:5,(anonymous_1)
FNDA:5,(anonymous_2)
FNDA:5,(anonymous_3)
FNDA:0,(anonymous_4)
FNDA:0,(anonymous_5)
DA:2,9
DA:3,9
DA:8,9
DA:9,9
DA:18,5
DA:20,9
DA:29,5
DA:37,9
DA:56,5
DA:64,9
DA:72,5
DA:85,9
DA:96,0
DA:105,9
DA:116,0
LF:15
LH:13
BRF:0
BRH:0
end_of_record
TN:
SF:config\db\queries\loginEntry.js
FN:5,getLoginEntriesByUserId
FN:12,createLoginEntry
FNF:2
FNH:2
FNDA:3,getLoginEntriesByUserId
FNDA:1,createLoginEntry
DA:1,2
DA:2,2
DA:3,2
DA:6,3
DA:10,3
DA:13,1
DA:14,1
DA:18,1
DA:21,2
LF:9
LH:9
BRF:0
BRH:0
end_of_record
TN:
SF:config\db\queries\password.js
FN:5,getPasswordByUserId
FN:13,createPassword
FN:20,getPasswordByUserPlatformLogin
FN:34,deletePassword
FNF:4
FNH:3
FNDA:1,getPasswordByUserId
FNDA:1,createPassword
FNDA:0,getPasswordByUserPlatformLogin
FNDA:1,deletePassword
DA:1,1
DA:2,1
DA:3,1
DA:6,1
DA:10,1
DA:14,1
DA:15,1
DA:18,1
DA:21,0
DA:31,0
DA:35,1
DA:45,1
DA:48,1
LF:13
LH:11
BRF:0
BRH:0
end_of_record
TN:
SF:config\db\queries\trustedDevice.js
FN:5,getTrustedDevicesByUserId
FN:12,upsertTrustedDevice
FN:39,deleteTrustedDevice
FNF:3
FNH:2
FNDA:2,getTrustedDevicesByUserId
FNDA:2,upsertTrustedDevice
FNDA:0,deleteTrustedDevice
DA:1,2
DA:2,2
DA:3,2
DA:6,2
DA:10,2
DA:13,2
DA:22,2
DA:23,1
DA:33,1
DA:40,0
DA:49,0
DA:52,2
LF:12
LH:10
BRDA:22,0,0,1
BRDA:22,0,1,1
BRF:2
BRH:2
end_of_record
TN:
SF:config\db\queries\users.js
FN:6,getUserById
FN:15,canUserLogin
FN:32,(anonymous_2)
FN:45,recordLoginAttempt
FN:55,createUser
FN:66,getUserByLogin
FN:74,getUserByLoginAndPassword
FN:102,updateUser
FN:115,saveResetToken
FN:130,verifyResetToken
FN:157,deleteResetToken
FNF:11
FNH:10
FNDA:2,getUserById
FNDA:2,canUserLogin
FNDA:4,(anonymous_2)
FNDA:2,recordLoginAttempt
FNDA:1,createUser
FNDA:2,getUserByLogin
FNDA:1,getUserByLoginAndPassword
FNDA:0,updateUser
FNDA:1,saveResetToken
FNDA:3,verifyResetToken
FNDA:2,deleteResetToken
DA:1,2
DA:2,2
DA:3,2
DA:4,2
DA:7,2
DA:12,2
DA:16,2
DA:19,2
DA:31,2
DA:32,1
DA:33,4
DA:36,1
DA:37,1
DA:38,1
DA:42,1
DA:46,2
DA:47,2
DA:56,1
DA:57,1
DA:61,1
DA:64,1
DA:67,2
DA:72,2
DA:75,1
DA:81,1
DA:82,1
DA:84,0
DA:85,0
DA:86,0
DA:87,0
DA:89,0
DA:94,0
DA:95,0
DA:96,0
DA:99,0
DA:100,0
DA:103,0
DA:104,0
DA:105,0
DA:106,0
DA:107,0
DA:108,0
DA:112,0
DA:116,1
DA:117,1
DA:119,1
DA:120,1
DA:127,1
DA:131,3
DA:133,3
DA:144,3
DA:145,2
DA:148,1
DA:154,1
DA:158,2
DA:163,2
DA:167,2
LF:57
LH:40
BRDA:31,0,0,1
BRDA:31,0,1,1
BRDA:37,1,0,1
BRDA:37,1,1,0
BRDA:81,2,0,1
BRDA:81,2,1,0
BRDA:85,3,0,0
BRDA:85,3,1,0
BRDA:94,4,0,0
BRDA:94,4,1,0
BRDA:104,5,0,0
BRDA:104,5,1,0
BRDA:105,6,0,0
BRDA:105,6,1,0
BRDA:106,7,0,0
BRDA:106,7,1,0
BRDA:107,8,0,0
BRDA:107,8,1,0
BRDA:144,9,0,2
BRDA:144,9,1,1
BRDA:144,10,0,3
BRDA:144,10,1,2
BRDA:154,11,0,1
BRDA:154,11,1,0
BRDA:163,12,0,1
BRDA:163,12,1,1
BRF:26
BRH:11
end_of_record
TN:
SF:middleware\auth.js
FN:6,(anonymous_0)
FNF:1
FNH:1
FNDA:28,(anonymous_0)
DA:1,3
DA:2,3
DA:4,3
DA:6,3
DA:7,28
DA:8,28
DA:9,26
DA:10,26
DA:11,22
DA:13,22
DA:14,6
DA:17,16
DA:25,16
DA:27,4
DA:28,1
DA:30,3
DA:31,2
DA:33,1
DA:37,3
LF:19
LH:19
BRDA:8,0,0,2
BRDA:8,0,1,26
BRDA:13,1,0,6
BRDA:13,1,1,16
BRDA:27,2,0,1
BRDA:27,2,1,3
BRDA:30,3,0,2
BRDA:30,3,1,1
BRF:8
BRH:8
end_of_record
TN:
SF:routes\auth.js
FN:12,(anonymous_0)
FNF:1
FNH:1
FNDA:11,(anonymous_0)
DA:1,1
DA:2,1
DA:3,1
DA:4,1
DA:5,1
DA:6,1
DA:7,1
DA:8,1
DA:10,1
DA:13,11
DA:14,11
DA:15,5
DA:17,6
DA:18,0
DA:20,6
DA:21,0
DA:23,6
DA:24,4
DA:25,0
DA:27,4
DA:28,2
DA:29,2
DA:31,1
DA:34,1
DA:40,1
DA:52,1
LF:26
LH:23
BRDA:14,0,0,5
BRDA:14,0,1,6
BRDA:14,1,0,11
BRDA:14,1,1,9
BRDA:14,1,2,7
BRDA:17,2,0,0
BRDA:17,2,1,6
BRDA:17,3,0,6
BRDA:17,3,1,6
BRDA:17,3,2,6
BRDA:20,4,0,0
BRDA:20,4,1,6
BRDA:20,5,0,6
BRDA:20,5,1,6
BRDA:20,5,2,6
BRDA:24,6,0,0
BRDA:24,6,1,4
BRDA:27,7,0,2
BRDA:27,7,1,2
BRDA:29,8,0,1
BRDA:29,8,1,1
BRF:21
BRH:18
end_of_record
TN:
SF:routes\passwords.js
FN:43,(anonymous_0)
FN:45,(anonymous_1)
FN:56,(anonymous_2)
FN:68,(anonymous_3)
FN:76,(anonymous_4)
FN:105,(anonymous_5)
FN:113,(anonymous_6)
FN:141,(anonymous_7)
FN:160,(anonymous_8)
FN:184,(anonymous_9)
FN:187,(anonymous_10)
FN:191,(anonymous_11)
FN:199,(anonymous_12)
FNF:13
FNH:13
FNDA:2,(anonymous_0)
FNDA:1,(anonymous_1)
FNDA:2,(anonymous_2)
FNDA:7,(anonymous_3)
FNDA:3,(anonymous_4)
FNDA:5,(anonymous_5)
FNDA:1,(anonymous_6)
FNDA:4,(anonymous_7)
FNDA:7,(anonymous_8)
FNDA:3,(anonymous_9)
FNDA:2,(anonymous_10)
FNDA:1,(anonymous_11)
FNDA:1,(anonymous_12)
DA:1,1
DA:2,1
DA:3,1
DA:4,1
DA:5,1
DA:11,1
DA:17,1
DA:18,1
DA:19,1
DA:21,1
DA:40,1
DA:44,2
DA:45,2
DA:49,2
DA:53,1
DA:57,2
DA:58,2
DA:59,1
DA:60,1
DA:64,1
DA:69,7
DA:70,7
DA:71,7
DA:72,6
DA:73,5
DA:74,5
DA:75,3
DA:76,3
DA:80,2
DA:85,2
DA:86,1
DA:88,1
DA:94,1
DA:95,1
DA:98,1
DA:106,5
DA:107,5
DA:108,5
DA:109,4
DA:110,3
DA:111,3
DA:112,1
DA:113,1
DA:116,2
DA:121,2
DA:122,1
DA:127,1
DA:138,1
DA:142,4
DA:143,4
DA:144,3
DA:145,2
DA:150,2
DA:151,1
DA:152,1
DA:153,1
DA:157,1
DA:161,7
DA:162,7
DA:163,7
DA:164,6
DA:165,5
DA:166,5
DA:167,1
DA:168,4
DA:169,1
DA:171,3
DA:173,3
DA:179,3
DA:180,1
DA:183,2
DA:184,3
DA:186,2
DA:187,2
DA:189,2
DA:191,1
DA:193,1
DA:195,1
DA:196,1
DA:197,1
DA:198,1
DA:199,1
DA:201,1
DA:202,1
DA:203,1
DA:211,1
DA:215,1
LF:87
LH:87
BRDA:58,0,0,1
BRDA:58,0,1,1
BRDA:71,1,0,1
BRDA:71,1,1,6
BRDA:72,2,0,1
BRDA:72,2,1,5
BRDA:74,3,0,3
BRDA:74,3,1,2
BRDA:85,4,0,1
BRDA:85,4,1,1
BRDA:108,5,0,1
BRDA:108,5,1,4
BRDA:109,6,0,1
BRDA:109,6,1,3
BRDA:111,7,0,1
BRDA:111,7,1,2
BRDA:121,8,0,1
BRDA:121,8,1,1
BRDA:143,9,0,1
BRDA:143,9,1,3
BRDA:144,10,0,1
BRDA:144,10,1,2
BRDA:150,11,0,1
BRDA:150,11,1,1
BRDA:163,12,0,1
BRDA:163,12,1,6
BRDA:164,13,0,1
BRDA:164,13,1,5
BRDA:166,14,0,1
BRDA:166,14,1,4
BRDA:168,15,0,1
BRDA:168,15,1,3
BRDA:173,16,0,3
BRDA:173,16,1,3
BRDA:173,16,2,3
BRDA:173,16,3,2
BRDA:173,16,4,2
BRDA:173,16,5,2
BRDA:179,17,0,1
BRDA:179,17,1,2
BRDA:189,18,0,1
BRDA:189,18,1,1
BRDA:190,19,0,2
BRDA:190,19,1,1
BRDA:199,20,0,1
BRDA:199,20,1,1
BRDA:201,21,0,0
BRDA:201,21,1,1
BRF:48
BRH:47
end_of_record
TN:
SF:routes\users.js
FN:111,(anonymous_0)
FN:115,(anonymous_1)
FN:143,(anonymous_2)
FN:149,(anonymous_3)
FN:171,(anonymous_4)
FN:185,(anonymous_5)
FN:192,(anonymous_6)
FN:206,(anonymous_7)
FN:210,(anonymous_8)
FN:226,(anonymous_9)
FN:230,(anonymous_10)
FN:237,(anonymous_11)
FN:253,(anonymous_12)
FN:266,(anonymous_13)
FN:297,(anonymous_14)
FN:311,(anonymous_15)
FNF:16
FNH:15
FNDA:6,(anonymous_0)
FNDA:3,(anonymous_1)
FNDA:3,(anonymous_2)
FNDA:1,(anonymous_3)
FNDA:2,(anonymous_4)
FNDA:1,(anonymous_5)
FNDA:2,(anonymous_6)
FNDA:2,(anonymous_7)
FNDA:1,(anonymous_8)
FNDA:2,(anonymous_9)
FNDA:0,(anonymous_10)
FNDA:1,(anonymous_11)
FNDA:1,(anonymous_12)
FNDA:3,(anonymous_13)
FNDA:4,(anonymous_14)
FNDA:1,(anonymous_15)
DA:1,1
DA:2,1
DA:3,1
DA:4,1
DA:5,1
DA:15,1
DA:19,1
DA:24,1
DA:25,1
DA:26,1
DA:27,1
DA:28,1
DA:29,1
DA:30,1
DA:31,1
DA:33,1
DA:75,1
DA:92,1
DA:108,1
DA:112,6
DA:113,6
DA:114,3
DA:115,3
DA:123,3
DA:124,3
DA:125,0
DA:127,3
DA:128,3
DA:129,1
DA:130,2
DA:131,2
DA:132,2
DA:133,1
DA:134,1
DA:135,1
DA:139,1
DA:144,3
DA:145,3
DA:146,2
DA:147,2
DA:148,1
DA:149,1
DA:152,1
DA:154,1
DA:155,1
DA:156,1
DA:157,1
DA:158,1
DA:159,1
DA:160,1
DA:168,1
DA:172,2
DA:173,2
DA:174,1
DA:175,1
DA:176,1
DA:185,1
DA:186,1
DA:189,1
DA:193,2
DA:194,2
DA:195,1
DA:196,1
DA:197,1
DA:198,1
DA:202,1
DA:207,2
DA:208,2
DA:209,1
DA:210,1
DA:213,1
DA:214,1
DA:215,0
DA:216,0
DA:217,0
DA:218,0
DA:219,0
DA:223,1
DA:227,2
DA:228,2
DA:229,1
DA:230,1
DA:234,1
DA:238,1
DA:243,1
DA:244,1
DA:245,0
DA:246,0
DA:250,1
DA:254,1
DA:255,1
DA:256,0
DA:257,0
DA:258,0
DA:264,1
DA:267,3
DA:269,3
DA:270,1
DA:273,2
DA:274,2
DA:275,1
DA:278,1
DA:279,1
DA:280,1
DA:282,1
DA:283,1
DA:284,1
DA:285,1
DA:287,1
DA:289,1
DA:295,1
DA:298,4
DA:300,4
DA:301,1
DA:304,3
DA:305,3
DA:306,1
DA:308,2
DA:309,2
DA:310,1
DA:311,1
DA:315,1
DA:316,1
DA:317,1
DA:322,1
LF:125
LH:114
BRDA:113,0,0,3
BRDA:113,0,1,3
BRDA:124,1,0,0
BRDA:124,1,1,3
BRDA:124,2,0,3
BRDA:124,2,1,3
BRDA:124,2,2,3
BRDA:124,2,3,3
BRDA:128,3,0,1
BRDA:128,3,1,2
BRDA:132,4,0,1
BRDA:132,4,1,1
BRDA:145,5,0,1
BRDA:145,5,1,2
BRDA:147,6,0,1
BRDA:147,6,1,1
BRDA:154,7,0,1
BRDA:154,7,1,0
BRDA:155,8,0,1
BRDA:155,8,1,0
BRDA:156,9,0,1
BRDA:156,9,1,0
BRDA:159,10,0,0
BRDA:159,10,1,1
BRDA:173,11,0,1
BRDA:173,11,1,1
BRDA:175,12,0,0
BRDA:175,12,1,1
BRDA:194,13,0,1
BRDA:194,13,1,1
BRDA:196,14,0,0
BRDA:196,14,1,1
BRDA:208,15,0,1
BRDA:208,15,1,1
BRDA:214,16,0,1
BRDA:214,16,1,0
BRDA:217,17,0,0
BRDA:217,17,1,0
BRDA:228,18,0,1
BRDA:228,18,1,1
BRDA:244,19,0,1
BRDA:244,19,1,0
BRDA:255,20,0,1
BRDA:255,20,1,0
BRDA:257,21,0,0
BRDA:257,21,1,0
BRDA:269,22,0,1
BRDA:269,22,1,2
BRDA:274,23,0,1
BRDA:274,23,1,1
BRDA:274,24,0,2
BRDA:274,24,1,2
BRDA:280,25,0,0
BRDA:280,25,1,1
BRDA:300,26,0,1
BRDA:300,26,1,3
BRDA:300,27,0,4
BRDA:300,27,1,3
BRDA:305,28,0,1
BRDA:305,28,1,2
BRDA:309,29,0,1
BRDA:309,29,1,1
BRF:62
BRH:47
end_of_record
TN:
SF:utils\captcha.js
FN:1,validateRecaptcha
FNF:1
FNH:1
FNDA:5,validateRecaptcha
DA:2,5
DA:3,5
DA:4,4
DA:5,4
DA:6,4
DA:10,3
DA:11,3
DA:13,1
DA:14,1
DA:18,1
LF:10
LH:10
BRDA:3,0,0,1
BRDA:3,0,1,4
BRDA:11,1,0,3
BRDA:11,1,1,2
BRF:4
BRH:4
end_of_record
TN:
SF:utils\customError.js
FN:2,(anonymous_0)
FNF:1
FNH:1
FNDA:49,(anonymous_0)
DA:3,49
DA:4,49
DA:5,49
DA:9,4
LF:4
LH:4
BRDA:2,0,0,1
BRDA:2,1,0,2
BRF:2
BRH:2
end_of_record
TN:
SF:utils\emailUtils.js
FN:4,sendResetEmail
FNF:1
FNH:1
FNDA:5,sendResetEmail
DA:1,2
DA:2,2
DA:5,5
DA:18,5
DA:32,5
DA:33,5
DA:34,4
DA:35,4
DA:37,1
DA:38,1
DA:42,2
LF:11
LH:11
BRF:0
BRH:0
end_of_record
TN:
SF:utils\fileHandler.js
FN:6,(anonymous_0)
FN:18,(anonymous_1)
FN:32,(anonymous_2)
FN:41,(anonymous_3)
FN:42,(anonymous_4)
FN:48,(anonymous_5)
FNF:6
FNH:6
FNDA:3,(anonymous_0)
FNDA:3,(anonymous_1)
FNDA:3,(anonymous_2)
FNDA:2,(anonymous_3)
FNDA:1,(anonymous_4)
FNDA:3,(anonymous_5)
DA:1,2
DA:2,2
DA:3,2
DA:4,2
DA:6,2
DA:7,3
DA:11,3
DA:12,3
DA:13,3
DA:14,3
DA:15,3
DA:18,2
DA:19,3
DA:20,3
DA:24,3
DA:25,3
DA:27,3
DA:28,3
DA:29,3
DA:32,2
DA:33,3
DA:37,3
DA:38,3
DA:41,2
DA:42,1
DA:44,2
DA:48,2
DA:49,3
DA:50,3
DA:51,3
DA:52,3
DA:53,3
DA:56,2
LF:33
LH:33
BRDA:38,0,0,2
BRDA:38,0,1,1
BRF:2
BRH:2
end_of_record
TN:
SF:utils\hashGen.js
FN:3,getHash
FNF:1
FNH:1
FNDA:5,getHash
DA:1,1
DA:4,5
DA:5,5
DA:8,1
LF:4
LH:4
BRF:0
BRH:0
end_of_record
TN:
SF:utils\tokenUtils.js
FN:3,generateResetToken
FNF:1
FNH:1
FNDA:6,generateResetToken
DA:1,2
DA:4,6
DA:5,6
DA:8,2
LF:4
LH:4
BRF:0
BRH:0
end_of_record
